2013/07/24 13:32:51 [trace] [system.CModule] Loading "log" application component
in D:\workspace\joyplus-cms\joyplus-social\index.php (13)
2013/07/24 13:32:51 [trace] [system.CModule] Loading "request" application component
in D:\workspace\joyplus-cms\joyplus-social\index.php (13)
2013/07/24 13:32:51 [trace] [system.CModule] Loading "urlManager" application component
in D:\workspace\joyplus-cms\joyplus-social\index.php (13)
2013/07/24 13:32:51 [trace] [system.CModule] Loading "db" application component
in D:\workspace\joyplus-cms\joyplus-social\protected\manager\SearchManager.php (151)
in D:\workspace\joyplus-cms\joyplus-social\protected\controllers\TopController.php (169)
in D:\workspace\joyplus-cms\joyplus-social\index.php (13)
2013/07/24 13:32:51 [trace] [system.db.CDbConnection] Opening DB connection
in D:\workspace\joyplus-cms\joyplus-social\protected\manager\SearchManager.php (151)
in D:\workspace\joyplus-cms\joyplus-social\protected\controllers\TopController.php (169)
in D:\workspace\joyplus-cms\joyplus-social\index.php (13)
2013/07/24 13:32:51 [trace] [system.db.CDbCommand] Querying SQL: SELECT `t_id` AS `id`, `t_name` AS `name`, `t_type` AS `prod_type`, `t_pic` AS `pic_url`, `t_des` AS `content`, `t_toptype` AS `toptype`
FROM `mac_vod_topic`
WHERE t_flag=:t_flag and t_type=1 and t_id>4 and t_bdtype=1  AND (can_search_device like '%TV%' or can_search_device is null or can_search_device ='' ) 
ORDER BY `t_toptype` DESC, `t_sort` DESC, `create_date` DESC LIMIT 3. Bound with :t_flag=1
in D:\workspace\joyplus-cms\joyplus-social\protected\manager\SearchManager.php (157)
in D:\workspace\joyplus-cms\joyplus-social\protected\controllers\TopController.php (169)
in D:\workspace\joyplus-cms\joyplus-social\index.php (13)
2013/07/24 13:32:51 [trace] [system.db.CDbCommand] Querying SQL: SELECT items.id as id, vod.d_id as prod_id,vod.d_name as prod_name, vod.d_level as definition, vod.d_type as prod_type, vod.d_pic as prod_pic_url,substring_index( vod.d_pic_ipad, '{Array}', 1 )  as big_prod_pic_url,vod.d_starring as stars,vod.d_directed as directors ,vod.favority_user_count as favority_num ,vod.good_number as support_num,vod.d_year as publish_date,vod.d_score as score,vod.d_area as area, vod.d_remarks as max_episode, vod.d_state as cur_episode , vod.duraning as duration 
FROM `mac_vod_topic_items` `items`
JOIN `mac_vod` `vod` ON items.vod_id=vod.d_id
WHERE items.flag=:t_flag and items.topic_id=:topic_id and  vod.d_hide=0  AND (can_search_device like '%TV%' or can_search_device is null or can_search_device ='' ) 
ORDER BY `items`.`disp_order` DESC, `vod`.`d_level` DESC, `vod`.`d_good` DESC, `vod`.`d_time` DESC LIMIT 5. Bound with :t_flag=1, :topic_id='24'
in D:\workspace\joyplus-cms\joyplus-social\protected\manager\SearchManager.php (489)
in D:\workspace\joyplus-cms\joyplus-social\protected\manager\SearchManager.php (161)
in D:\workspace\joyplus-cms\joyplus-social\protected\controllers\TopController.php (169)
2013/07/24 13:32:51 [trace] [system.db.CDbCommand] Querying SQL: SELECT count(items.id) as countNum 
FROM `mac_vod_topic_items` `items`
JOIN `mac_vod` `vod` ON items.vod_id=vod.d_id
WHERE items.flag=:t_flag and items.topic_id=:topic_id and  vod.d_hide=0  AND (can_search_device like '%TV%' or can_search_device is null or can_search_device ='' ) . Bound with :t_flag=1, :topic_id='24'
in D:\workspace\joyplus-cms\joyplus-social\protected\manager\SearchManager.php (522)
in D:\workspace\joyplus-cms\joyplus-social\protected\manager\SearchManager.php (171)
in D:\workspace\joyplus-cms\joyplus-social\protected\controllers\TopController.php (169)
2013/07/24 13:32:51 [trace] [system.db.CDbCommand] Querying SQL: SELECT items.id as id, vod.d_id as prod_id,vod.d_name as prod_name, vod.d_level as definition, vod.d_type as prod_type, vod.d_pic as prod_pic_url,substring_index( vod.d_pic_ipad, '{Array}', 1 )  as big_prod_pic_url,vod.d_starring as stars,vod.d_directed as directors ,vod.favority_user_count as favority_num ,vod.good_number as support_num,vod.d_year as publish_date,vod.d_score as score,vod.d_area as area, vod.d_remarks as max_episode, vod.d_state as cur_episode , vod.duraning as duration 
FROM `mac_vod_topic_items` `items`
JOIN `mac_vod` `vod` ON items.vod_id=vod.d_id
WHERE items.flag=:t_flag and items.topic_id=:topic_id and  vod.d_hide=0  AND (can_search_device like '%TV%' or can_search_device is null or can_search_device ='' ) 
ORDER BY `items`.`disp_order` DESC, `vod`.`d_level` DESC, `vod`.`d_good` DESC, `vod`.`d_time` DESC LIMIT 5. Bound with :t_flag=1, :topic_id='227'
in D:\workspace\joyplus-cms\joyplus-social\protected\manager\SearchManager.php (489)
in D:\workspace\joyplus-cms\joyplus-social\protected\manager\SearchManager.php (161)
in D:\workspace\joyplus-cms\joyplus-social\protected\controllers\TopController.php (169)
2013/07/24 13:32:51 [trace] [system.db.CDbCommand] Querying SQL: SELECT count(items.id) as countNum 
FROM `mac_vod_topic_items` `items`
JOIN `mac_vod` `vod` ON items.vod_id=vod.d_id
WHERE items.flag=:t_flag and items.topic_id=:topic_id and  vod.d_hide=0  AND (can_search_device like '%TV%' or can_search_device is null or can_search_device ='' ) . Bound with :t_flag=1, :topic_id='227'
in D:\workspace\joyplus-cms\joyplus-social\protected\manager\SearchManager.php (522)
in D:\workspace\joyplus-cms\joyplus-social\protected\manager\SearchManager.php (171)
in D:\workspace\joyplus-cms\joyplus-social\protected\controllers\TopController.php (169)
2013/07/24 13:32:51 [trace] [system.db.CDbCommand] Querying SQL: SELECT items.id as id, vod.d_id as prod_id,vod.d_name as prod_name, vod.d_level as definition, vod.d_type as prod_type, vod.d_pic as prod_pic_url,substring_index( vod.d_pic_ipad, '{Array}', 1 )  as big_prod_pic_url,vod.d_starring as stars,vod.d_directed as directors ,vod.favority_user_count as favority_num ,vod.good_number as support_num,vod.d_year as publish_date,vod.d_score as score,vod.d_area as area, vod.d_remarks as max_episode, vod.d_state as cur_episode , vod.duraning as duration 
FROM `mac_vod_topic_items` `items`
JOIN `mac_vod` `vod` ON items.vod_id=vod.d_id
WHERE items.flag=:t_flag and items.topic_id=:topic_id and  vod.d_hide=0  AND (can_search_device like '%TV%' or can_search_device is null or can_search_device ='' ) 
ORDER BY `items`.`disp_order` DESC, `vod`.`d_level` DESC, `vod`.`d_good` DESC, `vod`.`d_time` DESC LIMIT 5. Bound with :t_flag=1, :topic_id='40'
in D:\workspace\joyplus-cms\joyplus-social\protected\manager\SearchManager.php (489)
in D:\workspace\joyplus-cms\joyplus-social\protected\manager\SearchManager.php (161)
in D:\workspace\joyplus-cms\joyplus-social\protected\controllers\TopController.php (169)
2013/07/24 13:32:51 [trace] [system.db.CDbCommand] Querying SQL: SELECT count(items.id) as countNum 
FROM `mac_vod_topic_items` `items`
JOIN `mac_vod` `vod` ON items.vod_id=vod.d_id
WHERE items.flag=:t_flag and items.topic_id=:topic_id and  vod.d_hide=0  AND (can_search_device like '%TV%' or can_search_device is null or can_search_device ='' ) . Bound with :t_flag=1, :topic_id='40'
in D:\workspace\joyplus-cms\joyplus-social\protected\manager\SearchManager.php (522)
in D:\workspace\joyplus-cms\joyplus-social\protected\manager\SearchManager.php (171)
in D:\workspace\joyplus-cms\joyplus-social\protected\controllers\TopController.php (169)
2013/07/24 13:32:51 [trace] [system.CModule] Loading "log" application component
in D:\workspace\joyplus-cms\joyplus-social\index.php (13)
2013/07/24 13:32:51 [trace] [system.CModule] Loading "request" application component
in D:\workspace\joyplus-cms\joyplus-social\index.php (13)
2013/07/24 13:32:51 [trace] [system.CModule] Loading "urlManager" application component
in D:\workspace\joyplus-cms\joyplus-social\index.php (13)
2013/07/24 13:32:51 [trace] [system.CModule] Loading "db" application component
in D:\workspace\joyplus-cms\joyplus-social\protected\manager\SearchManager.php (151)
in D:\workspace\joyplus-cms\joyplus-social\protected\controllers\TopController.php (169)
in D:\workspace\joyplus-cms\joyplus-social\index.php (13)
2013/07/24 13:32:51 [trace] [system.db.CDbConnection] Opening DB connection
in D:\workspace\joyplus-cms\joyplus-social\protected\manager\SearchManager.php (151)
in D:\workspace\joyplus-cms\joyplus-social\protected\controllers\TopController.php (169)
in D:\workspace\joyplus-cms\joyplus-social\index.php (13)
2013/07/24 13:32:51 [trace] [system.db.CDbCommand] Querying SQL: SELECT `t_id` AS `id`, `t_name` AS `name`, `t_type` AS `prod_type`, `t_pic` AS `pic_url`, `t_des` AS `content`, `t_toptype` AS `toptype`
FROM `mac_vod_topic`
WHERE t_flag=:t_flag and t_type=2 and t_id>4 and t_bdtype=1  AND (can_search_device like '%TV%' or can_search_device is null or can_search_device ='' ) 
ORDER BY `t_toptype` DESC, `t_sort` DESC, `create_date` DESC LIMIT 3. Bound with :t_flag=1
in D:\workspace\joyplus-cms\joyplus-social\protected\manager\SearchManager.php (157)
in D:\workspace\joyplus-cms\joyplus-social\protected\controllers\TopController.php (169)
in D:\workspace\joyplus-cms\joyplus-social\index.php (13)
2013/07/24 13:32:51 [trace] [system.db.CDbCommand] Querying SQL: SELECT items.id as id, vod.d_id as prod_id,vod.d_name as prod_name, vod.d_level as definition, vod.d_type as prod_type, vod.d_pic as prod_pic_url,substring_index( vod.d_pic_ipad, '{Array}', 1 )  as big_prod_pic_url,vod.d_starring as stars,vod.d_directed as directors ,vod.favority_user_count as favority_num ,vod.good_number as support_num,vod.d_year as publish_date,vod.d_score as score,vod.d_area as area, vod.d_remarks as max_episode, vod.d_state as cur_episode , vod.duraning as duration 
FROM `mac_vod_topic_items` `items`
JOIN `mac_vod` `vod` ON items.vod_id=vod.d_id
WHERE items.flag=:t_flag and items.topic_id=:topic_id and  vod.d_hide=0  AND (can_search_device like '%TV%' or can_search_device is null or can_search_device ='' ) 
ORDER BY `items`.`disp_order` DESC, `vod`.`d_level` DESC, `vod`.`d_good` DESC, `vod`.`d_time` DESC LIMIT 5. Bound with :t_flag=1, :topic_id='284'
in D:\workspace\joyplus-cms\joyplus-social\protected\manager\SearchManager.php (489)
in D:\workspace\joyplus-cms\joyplus-social\protected\manager\SearchManager.php (161)
in D:\workspace\joyplus-cms\joyplus-social\protected\controllers\TopController.php (169)
2013/07/24 13:32:51 [trace] [system.db.CDbCommand] Querying SQL: SELECT count(items.id) as countNum 
FROM `mac_vod_topic_items` `items`
JOIN `mac_vod` `vod` ON items.vod_id=vod.d_id
WHERE items.flag=:t_flag and items.topic_id=:topic_id and  vod.d_hide=0  AND (can_search_device like '%TV%' or can_search_device is null or can_search_device ='' ) . Bound with :t_flag=1, :topic_id='284'
in D:\workspace\joyplus-cms\joyplus-social\protected\manager\SearchManager.php (522)
in D:\workspace\joyplus-cms\joyplus-social\protected\manager\SearchManager.php (171)
in D:\workspace\joyplus-cms\joyplus-social\protected\controllers\TopController.php (169)
2013/07/24 13:32:51 [trace] [system.db.CDbCommand] Querying SQL: SELECT items.id as id, vod.d_id as prod_id,vod.d_name as prod_name, vod.d_level as definition, vod.d_type as prod_type, vod.d_pic as prod_pic_url,substring_index( vod.d_pic_ipad, '{Array}', 1 )  as big_prod_pic_url,vod.d_starring as stars,vod.d_directed as directors ,vod.favority_user_count as favority_num ,vod.good_number as support_num,vod.d_year as publish_date,vod.d_score as score,vod.d_area as area, vod.d_remarks as max_episode, vod.d_state as cur_episode , vod.duraning as duration 
FROM `mac_vod_topic_items` `items`
JOIN `mac_vod` `vod` ON items.vod_id=vod.d_id
WHERE items.flag=:t_flag and items.topic_id=:topic_id and  vod.d_hide=0  AND (can_search_device like '%TV%' or can_search_device is null or can_search_device ='' ) 
ORDER BY `items`.`disp_order` DESC, `vod`.`d_level` DESC, `vod`.`d_good` DESC, `vod`.`d_time` DESC LIMIT 5. Bound with :t_flag=1, :topic_id='288'
in D:\workspace\joyplus-cms\joyplus-social\protected\manager\SearchManager.php (489)
in D:\workspace\joyplus-cms\joyplus-social\protected\manager\SearchManager.php (161)
in D:\workspace\joyplus-cms\joyplus-social\protected\controllers\TopController.php (169)
2013/07/24 13:32:51 [trace] [system.db.CDbCommand] Querying SQL: SELECT count(items.id) as countNum 
FROM `mac_vod_topic_items` `items`
JOIN `mac_vod` `vod` ON items.vod_id=vod.d_id
WHERE items.flag=:t_flag and items.topic_id=:topic_id and  vod.d_hide=0  AND (can_search_device like '%TV%' or can_search_device is null or can_search_device ='' ) . Bound with :t_flag=1, :topic_id='288'
in D:\workspace\joyplus-cms\joyplus-social\protected\manager\SearchManager.php (522)
in D:\workspace\joyplus-cms\joyplus-social\protected\manager\SearchManager.php (171)
in D:\workspace\joyplus-cms\joyplus-social\protected\controllers\TopController.php (169)
2013/07/24 13:32:51 [trace] [system.db.CDbCommand] Querying SQL: SELECT items.id as id, vod.d_id as prod_id,vod.d_name as prod_name, vod.d_level as definition, vod.d_type as prod_type, vod.d_pic as prod_pic_url,substring_index( vod.d_pic_ipad, '{Array}', 1 )  as big_prod_pic_url,vod.d_starring as stars,vod.d_directed as directors ,vod.favority_user_count as favority_num ,vod.good_number as support_num,vod.d_year as publish_date,vod.d_score as score,vod.d_area as area, vod.d_remarks as max_episode, vod.d_state as cur_episode , vod.duraning as duration 
FROM `mac_vod_topic_items` `items`
JOIN `mac_vod` `vod` ON items.vod_id=vod.d_id
WHERE items.flag=:t_flag and items.topic_id=:topic_id and  vod.d_hide=0  AND (can_search_device like '%TV%' or can_search_device is null or can_search_device ='' ) 
ORDER BY `items`.`disp_order` DESC, `vod`.`d_level` DESC, `vod`.`d_good` DESC, `vod`.`d_time` DESC LIMIT 5. Bound with :t_flag=1, :topic_id='287'
in D:\workspace\joyplus-cms\joyplus-social\protected\manager\SearchManager.php (489)
in D:\workspace\joyplus-cms\joyplus-social\protected\manager\SearchManager.php (161)
in D:\workspace\joyplus-cms\joyplus-social\protected\controllers\TopController.php (169)
2013/07/24 13:32:51 [trace] [system.db.CDbCommand] Querying SQL: SELECT count(items.id) as countNum 
FROM `mac_vod_topic_items` `items`
JOIN `mac_vod` `vod` ON items.vod_id=vod.d_id
WHERE items.flag=:t_flag and items.topic_id=:topic_id and  vod.d_hide=0  AND (can_search_device like '%TV%' or can_search_device is null or can_search_device ='' ) . Bound with :t_flag=1, :topic_id='287'
in D:\workspace\joyplus-cms\joyplus-social\protected\manager\SearchManager.php (522)
in D:\workspace\joyplus-cms\joyplus-social\protected\manager\SearchManager.php (171)
in D:\workspace\joyplus-cms\joyplus-social\protected\controllers\TopController.php (169)
2013/07/24 13:32:51 [trace] [system.CModule] Loading "log" application component
in D:\workspace\joyplus-cms\joyplus-social\index.php (13)
2013/07/24 13:32:51 [trace] [system.CModule] Loading "request" application component
in D:\workspace\joyplus-cms\joyplus-social\index.php (13)
2013/07/24 13:32:51 [trace] [system.CModule] Loading "urlManager" application component
in D:\workspace\joyplus-cms\joyplus-social\index.php (13)
2013/07/24 13:32:51 [trace] [system.CModule] Loading "db" application component
in D:\workspace\joyplus-cms\joyplus-social\protected\models\Dynamic.php (28)
in D:\workspace\joyplus-cms\joyplus-social\protected\controllers\UserController.php (874)
in D:\workspace\joyplus-cms\joyplus-social\index.php (13)
2013/07/24 13:32:51 [trace] [system.db.CDbConnection] Opening DB connection
in D:\workspace\joyplus-cms\joyplus-social\protected\models\Dynamic.php (28)
in D:\workspace\joyplus-cms\joyplus-social\protected\controllers\UserController.php (874)
in D:\workspace\joyplus-cms\joyplus-social\index.php (13)
2013/07/24 13:32:51 [trace] [system.db.CDbCommand] Querying SQL: SHOW COLUMNS FROM `tbl_my_dynamic`
in D:\workspace\joyplus-cms\joyplus-social\protected\models\Dynamic.php (28)
in D:\workspace\joyplus-cms\joyplus-social\protected\controllers\UserController.php (874)
in D:\workspace\joyplus-cms\joyplus-social\index.php (13)
2013/07/24 13:32:51 [trace] [system.db.CDbCommand] Querying SQL: SHOW CREATE TABLE `tbl_my_dynamic`
in D:\workspace\joyplus-cms\joyplus-social\protected\models\Dynamic.php (28)
in D:\workspace\joyplus-cms\joyplus-social\protected\controllers\UserController.php (874)
in D:\workspace\joyplus-cms\joyplus-social\index.php (13)
2013/07/24 13:32:51 [trace] [system.db.CDbCommand] Querying SQL: SELECT vod.d_id as content_id,vod.d_name as content_name, vod.d_type as content_type, vod.d_hide as hide,
		 vod.d_pic as content_pic_url, substring_index( vod.d_pic_ipad, '{Array}', 1 )  as big_content_pic_url,	a.create_date,vod.d_starring as stars,
		vod.d_directed as directors ,vod.favority_user_count as favority_num ,vod.good_number as support_num,vod.d_area as area,vod.d_year as publish_date,vod.d_score as score,vod.d_remarks as max_episode, vod.d_state as cur_episode , vod.duraning as duration 
FROM `tbl_my_dynamic` `a`
JOIN `mac_vod` `vod` ON a.content_id=vod.d_id
WHERE author_id=:author_id and status=:status and dynamic_type=:type
ORDER BY `create_date` DESC LIMIT 100. Bound with :author_id='2870', :status=1, :type=2
in D:\workspace\joyplus-cms\joyplus-social\protected\models\Dynamic.php (99)
in D:\workspace\joyplus-cms\joyplus-social\protected\controllers\UserController.php (874)
in D:\workspace\joyplus-cms\joyplus-social\index.php (13)
2013/07/24 13:32:51 [trace] [system.CModule] Loading "log" application component
in D:\workspace\joyplus-cms\joyplus-social\index.php (13)
2013/07/24 13:32:52 [trace] [system.CModule] Loading "request" application component
in D:\workspace\joyplus-cms\joyplus-social\index.php (13)
2013/07/24 13:32:52 [trace] [system.CModule] Loading "urlManager" application component
in D:\workspace\joyplus-cms\joyplus-social\index.php (13)
2013/07/24 13:32:52 [trace] [system.CModule] Loading "db" application component
in D:\workspace\joyplus-cms\joyplus-social\protected\models\PlayHistory.php (29)
in D:\workspace\joyplus-cms\joyplus-social\protected\controllers\UserController.php (392)
in D:\workspace\joyplus-cms\joyplus-social\index.php (13)
2013/07/24 13:32:52 [trace] [system.db.CDbConnection] Opening DB connection
in D:\workspace\joyplus-cms\joyplus-social\protected\models\PlayHistory.php (29)
in D:\workspace\joyplus-cms\joyplus-social\protected\controllers\UserController.php (392)
in D:\workspace\joyplus-cms\joyplus-social\index.php (13)
2013/07/24 13:32:52 [trace] [system.db.CDbCommand] Querying SQL: SHOW COLUMNS FROM `tbl_play_history`
in D:\workspace\joyplus-cms\joyplus-social\protected\models\PlayHistory.php (29)
in D:\workspace\joyplus-cms\joyplus-social\protected\controllers\UserController.php (392)
in D:\workspace\joyplus-cms\joyplus-social\index.php (13)
2013/07/24 13:32:52 [trace] [system.db.CDbCommand] Querying SQL: SHOW CREATE TABLE `tbl_play_history`
in D:\workspace\joyplus-cms\joyplus-social\protected\models\PlayHistory.php (29)
in D:\workspace\joyplus-cms\joyplus-social\protected\controllers\UserController.php (392)
in D:\workspace\joyplus-cms\joyplus-social\index.php (13)
2013/07/24 13:32:52 [trace] [system.db.CDbCommand] Querying SQL: SELECT  vod.d_hide as hide,a.id,a.prod_type, a.prod_name, a.prod_subname, a.prod_id, a.create_date, a.play_type, a.playback_time, a.video_url, a.duration,	a.create_date ,vod.d_pic as prod_pic_url, substring_index( vod.d_pic_ipad, '{Array}', 1 )  as big_prod_pic_url  , vod.d_level as definition,vod.d_content as prod_summary, vod.d_starring as stars,vod.d_directed as directors ,vod.favority_user_count as favority_num ,vod.good_number as support_num ,vod.d_year as publish_date,vod.d_score as score,vod.d_area as area, vod.d_remarks as max_episode, vod.d_state as cur_episode  
FROM `tbl_play_history` `a`
JOIN `mac_vod` `vod` ON a.prod_id=vod.d_id
WHERE a.author_id=:author_id and a.status=:status
ORDER BY `a`.`create_date` DESC LIMIT 100. Bound with :author_id='2870', :status=1
in D:\workspace\joyplus-cms\joyplus-social\protected\models\PlayHistory.php (102)
in D:\workspace\joyplus-cms\joyplus-social\protected\controllers\UserController.php (392)
in D:\workspace\joyplus-cms\joyplus-social\index.php (13)
2013/07/24 13:32:56 [trace] [system.CModule] Loading "log" application component
in D:\workspace\joyplus-cms\joyplus-social\index.php (13)
2013/07/24 13:32:56 [trace] [system.CModule] Loading "request" application component
in D:\workspace\joyplus-cms\joyplus-social\index.php (13)
2013/07/24 13:32:56 [trace] [system.CModule] Loading "urlManager" application component
in D:\workspace\joyplus-cms\joyplus-social\index.php (13)
2013/07/24 13:32:56 [trace] [system.CModule] Loading "db" application component
in D:\workspace\joyplus-cms\joyplus-social\protected\manager\SearchManager.php (615)
in D:\workspace\joyplus-cms\joyplus-social\protected\controllers\TopController.php (25)
in D:\workspace\joyplus-cms\joyplus-social\index.php (13)
2013/07/24 13:32:56 [trace] [system.db.CDbConnection] Opening DB connection
in D:\workspace\joyplus-cms\joyplus-social\protected\manager\SearchManager.php (615)
in D:\workspace\joyplus-cms\joyplus-social\protected\controllers\TopController.php (25)
in D:\workspace\joyplus-cms\joyplus-social\index.php (13)
2013/07/24 13:32:56 [trace] [system.db.CDbCommand] Querying SQL: SELECT items.id as id, vod.d_id as prod_id,vod.d_name as prod_name, vod.d_downurl as play_urls,vod.d_level as definition,vod.d_content as prod_summary, vod.d_type as prod_type,  substring_index( vod.d_pic_ipad, '{Array}', 1 )  as prod_pic_url,vod.d_starring as stars,vod.d_directed as directors ,vod.favority_user_count as favority_num ,vod.good_number as support_num ,vod.d_year as publish_date,vod.d_score as score,vod.d_area as area, vod.d_remarks as max_episode, vod.d_state as cur_episode , vod.duraning as duration 
FROM `mac_vod_topic_items` `items`
JOIN `mac_vod` `vod` ON items.vod_id=vod.d_id
WHERE items.flag=:t_flag and items.topic_id=:topic_id and vod.d_hide=0  AND (can_search_device like '%TV%' or can_search_device is null or can_search_device ='' ) 
ORDER BY `items`.`disp_order` DESC, `vod`.`d_level` DESC, `vod`.`d_good` DESC, `vod`.`d_time` DESC LIMIT 1000. Bound with :t_flag=1, :topic_id=4677
in D:\workspace\joyplus-cms\joyplus-social\protected\manager\SearchManager.php (623)
in D:\workspace\joyplus-cms\joyplus-social\protected\controllers\TopController.php (25)
in D:\workspace\joyplus-cms\joyplus-social\index.php (13)
2013/07/24 13:32:56 [trace] [system.CModule] Loading "log" application component
in D:\workspace\joyplus-cms\joyplus-social\index.php (13)
2013/07/24 13:32:56 [trace] [system.CModule] Loading "request" application component
in D:\workspace\joyplus-cms\joyplus-social\index.php (13)
2013/07/24 13:32:56 [trace] [system.CModule] Loading "urlManager" application component
in D:\workspace\joyplus-cms\joyplus-social\index.php (13)
2013/07/24 13:32:56 [trace] [system.CModule] Loading "db" application component
in D:\workspace\joyplus-cms\joyplus-social\protected\models\User.php (55)
in D:\workspace\joyplus-cms\joyplus-social\protected\components\IjoyPlusServiceUtils.php (103)
in D:\workspace\joyplus-cms\joyplus-social\protected\components\IjoyPlusServiceUtils.php (77)
2013/07/24 13:32:56 [trace] [system.db.CDbConnection] Opening DB connection
in D:\workspace\joyplus-cms\joyplus-social\protected\models\User.php (55)
in D:\workspace\joyplus-cms\joyplus-social\protected\components\IjoyPlusServiceUtils.php (103)
in D:\workspace\joyplus-cms\joyplus-social\protected\components\IjoyPlusServiceUtils.php (77)
2013/07/24 13:32:56 [trace] [system.db.CDbCommand] Querying SQL: SHOW COLUMNS FROM `tbl_user`
in D:\workspace\joyplus-cms\joyplus-social\protected\models\User.php (55)
in D:\workspace\joyplus-cms\joyplus-social\protected\components\IjoyPlusServiceUtils.php (103)
in D:\workspace\joyplus-cms\joyplus-social\protected\components\IjoyPlusServiceUtils.php (77)
2013/07/24 13:32:56 [trace] [system.db.CDbCommand] Querying SQL: SHOW CREATE TABLE `tbl_user`
in D:\workspace\joyplus-cms\joyplus-social\protected\models\User.php (55)
in D:\workspace\joyplus-cms\joyplus-social\protected\components\IjoyPlusServiceUtils.php (103)
in D:\workspace\joyplus-cms\joyplus-social\protected\components\IjoyPlusServiceUtils.php (77)
2013/07/24 13:32:56 [trace] [system.db.CDbCommand] Querying SQL: select nickname,username,user_photo_url from tbl_user where id='2870'
in D:\workspace\joyplus-cms\joyplus-social\protected\models\User.php (508)
in D:\workspace\joyplus-cms\joyplus-social\protected\components\IjoyPlusServiceUtils.php (103)
in D:\workspace\joyplus-cms\joyplus-social\protected\components\IjoyPlusServiceUtils.php (77)
2013/07/24 13:32:56 [trace] [system.CModule] Loading "user" application component
in D:\workspace\joyplus-cms\joyplus-social\protected\components\IjoyPlusServiceUtils.php (109)
in D:\workspace\joyplus-cms\joyplus-social\protected\components\IjoyPlusServiceUtils.php (77)
in D:\workspace\joyplus-cms\joyplus-social\protected\controllers\UserController.php (375)
2013/07/24 13:32:56 [trace] [system.CModule] Loading "session" application component
in D:\workspace\joyplus-cms\joyplus-social\protected\components\IjoyPlusServiceUtils.php (109)
in D:\workspace\joyplus-cms\joyplus-social\protected\components\IjoyPlusServiceUtils.php (77)
in D:\workspace\joyplus-cms\joyplus-social\protected\controllers\UserController.php (375)
2013/07/24 13:32:56 [trace] [system.db.CDbCommand] Querying SQL: SHOW COLUMNS FROM `tbl_play_history`
in D:\workspace\joyplus-cms\joyplus-social\protected\models\PlayHistory.php (29)
in D:\workspace\joyplus-cms\joyplus-social\protected\controllers\UserController.php (392)
in D:\workspace\joyplus-cms\joyplus-social\index.php (13)
2013/07/24 13:32:56 [trace] [system.db.CDbCommand] Querying SQL: SHOW CREATE TABLE `tbl_play_history`
in D:\workspace\joyplus-cms\joyplus-social\protected\models\PlayHistory.php (29)
in D:\workspace\joyplus-cms\joyplus-social\protected\controllers\UserController.php (392)
in D:\workspace\joyplus-cms\joyplus-social\index.php (13)
2013/07/24 13:32:56 [trace] [system.db.CDbCommand] Querying SQL: SELECT  vod.d_hide as hide,a.id,a.prod_type, a.prod_name, a.prod_subname, a.prod_id, a.create_date, a.play_type, a.playback_time, a.video_url, a.duration,	a.create_date ,vod.d_pic as prod_pic_url, substring_index( vod.d_pic_ipad, '{Array}', 1 )  as big_prod_pic_url  , vod.d_level as definition,vod.d_content as prod_summary, vod.d_starring as stars,vod.d_directed as directors ,vod.favority_user_count as favority_num ,vod.good_number as support_num ,vod.d_year as publish_date,vod.d_score as score,vod.d_area as area, vod.d_remarks as max_episode, vod.d_state as cur_episode  
FROM `tbl_play_history` `a`
JOIN `mac_vod` `vod` ON a.prod_id=vod.d_id
WHERE a.author_id=:author_id and a.status=:status
ORDER BY `a`.`create_date` DESC LIMIT 1. Bound with :author_id='2870', :status=1
in D:\workspace\joyplus-cms\joyplus-social\protected\models\PlayHistory.php (102)
in D:\workspace\joyplus-cms\joyplus-social\protected\controllers\UserController.php (392)
in D:\workspace\joyplus-cms\joyplus-social\index.php (13)
2013/07/24 13:32:57 [trace] [system.CModule] Loading "log" application component
in D:\workspace\joyplus-cms\joyplus-social\index.php (13)
2013/07/24 13:32:57 [trace] [system.CModule] Loading "request" application component
in D:\workspace\joyplus-cms\joyplus-social\index.php (13)
2013/07/24 13:32:57 [trace] [system.CModule] Loading "urlManager" application component
in D:\workspace\joyplus-cms\joyplus-social\index.php (13)
2013/07/24 13:32:57 [trace] [system.CModule] Loading "db" application component
in D:\workspace\joyplus-cms\joyplus-social\protected\manager\SearchManager.php (151)
in D:\workspace\joyplus-cms\joyplus-social\protected\controllers\TopController.php (169)
in D:\workspace\joyplus-cms\joyplus-social\index.php (13)
2013/07/24 13:32:57 [trace] [system.db.CDbConnection] Opening DB connection
in D:\workspace\joyplus-cms\joyplus-social\protected\manager\SearchManager.php (151)
in D:\workspace\joyplus-cms\joyplus-social\protected\controllers\TopController.php (169)
in D:\workspace\joyplus-cms\joyplus-social\index.php (13)
2013/07/24 13:32:57 [trace] [system.db.CDbCommand] Querying SQL: SELECT `t_id` AS `id`, `t_name` AS `name`, `t_type` AS `prod_type`, `t_pic` AS `pic_url`, `t_des` AS `content`, `t_toptype` AS `toptype`
FROM `mac_vod_topic`
WHERE t_flag=:t_flag and t_type=1 and t_id>4 and t_bdtype=1  AND (can_search_device like '%TV%' or can_search_device is null or can_search_device ='' ) 
ORDER BY `t_toptype` DESC, `t_sort` DESC, `create_date` DESC LIMIT 3. Bound with :t_flag=1
in D:\workspace\joyplus-cms\joyplus-social\protected\manager\SearchManager.php (157)
in D:\workspace\joyplus-cms\joyplus-social\protected\controllers\TopController.php (169)
in D:\workspace\joyplus-cms\joyplus-social\index.php (13)
2013/07/24 13:32:57 [trace] [system.db.CDbCommand] Querying SQL: SELECT items.id as id, vod.d_id as prod_id,vod.d_name as prod_name, vod.d_level as definition, vod.d_type as prod_type, vod.d_pic as prod_pic_url,substring_index( vod.d_pic_ipad, '{Array}', 1 )  as big_prod_pic_url,vod.d_starring as stars,vod.d_directed as directors ,vod.favority_user_count as favority_num ,vod.good_number as support_num,vod.d_year as publish_date,vod.d_score as score,vod.d_area as area, vod.d_remarks as max_episode, vod.d_state as cur_episode , vod.duraning as duration 
FROM `mac_vod_topic_items` `items`
JOIN `mac_vod` `vod` ON items.vod_id=vod.d_id
WHERE items.flag=:t_flag and items.topic_id=:topic_id and  vod.d_hide=0  AND (can_search_device like '%TV%' or can_search_device is null or can_search_device ='' ) 
ORDER BY `items`.`disp_order` DESC, `vod`.`d_level` DESC, `vod`.`d_good` DESC, `vod`.`d_time` DESC LIMIT 5. Bound with :t_flag=1, :topic_id='24'
in D:\workspace\joyplus-cms\joyplus-social\protected\manager\SearchManager.php (489)
in D:\workspace\joyplus-cms\joyplus-social\protected\manager\SearchManager.php (161)
in D:\workspace\joyplus-cms\joyplus-social\protected\controllers\TopController.php (169)
2013/07/24 13:32:57 [trace] [system.db.CDbCommand] Querying SQL: SELECT count(items.id) as countNum 
FROM `mac_vod_topic_items` `items`
JOIN `mac_vod` `vod` ON items.vod_id=vod.d_id
WHERE items.flag=:t_flag and items.topic_id=:topic_id and  vod.d_hide=0  AND (can_search_device like '%TV%' or can_search_device is null or can_search_device ='' ) . Bound with :t_flag=1, :topic_id='24'
in D:\workspace\joyplus-cms\joyplus-social\protected\manager\SearchManager.php (522)
in D:\workspace\joyplus-cms\joyplus-social\protected\manager\SearchManager.php (171)
in D:\workspace\joyplus-cms\joyplus-social\protected\controllers\TopController.php (169)
2013/07/24 13:32:57 [trace] [system.db.CDbCommand] Querying SQL: SELECT items.id as id, vod.d_id as prod_id,vod.d_name as prod_name, vod.d_level as definition, vod.d_type as prod_type, vod.d_pic as prod_pic_url,substring_index( vod.d_pic_ipad, '{Array}', 1 )  as big_prod_pic_url,vod.d_starring as stars,vod.d_directed as directors ,vod.favority_user_count as favority_num ,vod.good_number as support_num,vod.d_year as publish_date,vod.d_score as score,vod.d_area as area, vod.d_remarks as max_episode, vod.d_state as cur_episode , vod.duraning as duration 
FROM `mac_vod_topic_items` `items`
JOIN `mac_vod` `vod` ON items.vod_id=vod.d_id
WHERE items.flag=:t_flag and items.topic_id=:topic_id and  vod.d_hide=0  AND (can_search_device like '%TV%' or can_search_device is null or can_search_device ='' ) 
ORDER BY `items`.`disp_order` DESC, `vod`.`d_level` DESC, `vod`.`d_good` DESC, `vod`.`d_time` DESC LIMIT 5. Bound with :t_flag=1, :topic_id='227'
in D:\workspace\joyplus-cms\joyplus-social\protected\manager\SearchManager.php (489)
in D:\workspace\joyplus-cms\joyplus-social\protected\manager\SearchManager.php (161)
in D:\workspace\joyplus-cms\joyplus-social\protected\controllers\TopController.php (169)
2013/07/24 13:32:57 [trace] [system.db.CDbCommand] Querying SQL: SELECT count(items.id) as countNum 
FROM `mac_vod_topic_items` `items`
JOIN `mac_vod` `vod` ON items.vod_id=vod.d_id
WHERE items.flag=:t_flag and items.topic_id=:topic_id and  vod.d_hide=0  AND (can_search_device like '%TV%' or can_search_device is null or can_search_device ='' ) . Bound with :t_flag=1, :topic_id='227'
in D:\workspace\joyplus-cms\joyplus-social\protected\manager\SearchManager.php (522)
in D:\workspace\joyplus-cms\joyplus-social\protected\manager\SearchManager.php (171)
in D:\workspace\joyplus-cms\joyplus-social\protected\controllers\TopController.php (169)
2013/07/24 13:32:57 [trace] [system.db.CDbCommand] Querying SQL: SELECT items.id as id, vod.d_id as prod_id,vod.d_name as prod_name, vod.d_level as definition, vod.d_type as prod_type, vod.d_pic as prod_pic_url,substring_index( vod.d_pic_ipad, '{Array}', 1 )  as big_prod_pic_url,vod.d_starring as stars,vod.d_directed as directors ,vod.favority_user_count as favority_num ,vod.good_number as support_num,vod.d_year as publish_date,vod.d_score as score,vod.d_area as area, vod.d_remarks as max_episode, vod.d_state as cur_episode , vod.duraning as duration 
FROM `mac_vod_topic_items` `items`
JOIN `mac_vod` `vod` ON items.vod_id=vod.d_id
WHERE items.flag=:t_flag and items.topic_id=:topic_id and  vod.d_hide=0  AND (can_search_device like '%TV%' or can_search_device is null or can_search_device ='' ) 
ORDER BY `items`.`disp_order` DESC, `vod`.`d_level` DESC, `vod`.`d_good` DESC, `vod`.`d_time` DESC LIMIT 5. Bound with :t_flag=1, :topic_id='40'
in D:\workspace\joyplus-cms\joyplus-social\protected\manager\SearchManager.php (489)
in D:\workspace\joyplus-cms\joyplus-social\protected\manager\SearchManager.php (161)
in D:\workspace\joyplus-cms\joyplus-social\protected\controllers\TopController.php (169)
2013/07/24 13:32:57 [trace] [system.db.CDbCommand] Querying SQL: SELECT count(items.id) as countNum 
FROM `mac_vod_topic_items` `items`
JOIN `mac_vod` `vod` ON items.vod_id=vod.d_id
WHERE items.flag=:t_flag and items.topic_id=:topic_id and  vod.d_hide=0  AND (can_search_device like '%TV%' or can_search_device is null or can_search_device ='' ) . Bound with :t_flag=1, :topic_id='40'
in D:\workspace\joyplus-cms\joyplus-social\protected\manager\SearchManager.php (522)
in D:\workspace\joyplus-cms\joyplus-social\protected\manager\SearchManager.php (171)
in D:\workspace\joyplus-cms\joyplus-social\protected\controllers\TopController.php (169)
2013/07/24 13:32:57 [trace] [system.CModule] Loading "log" application component
in D:\workspace\joyplus-cms\joyplus-social\index.php (13)
2013/07/24 13:32:57 [trace] [system.CModule] Loading "request" application component
in D:\workspace\joyplus-cms\joyplus-social\index.php (13)
2013/07/24 13:32:57 [trace] [system.CModule] Loading "urlManager" application component
in D:\workspace\joyplus-cms\joyplus-social\index.php (13)
2013/07/24 13:32:57 [trace] [system.CModule] Loading "db" application component
in D:\workspace\joyplus-cms\joyplus-social\protected\manager\SearchManager.php (151)
in D:\workspace\joyplus-cms\joyplus-social\protected\controllers\TopController.php (169)
in D:\workspace\joyplus-cms\joyplus-social\index.php (13)
2013/07/24 13:32:57 [trace] [system.db.CDbConnection] Opening DB connection
in D:\workspace\joyplus-cms\joyplus-social\protected\manager\SearchManager.php (151)
in D:\workspace\joyplus-cms\joyplus-social\protected\controllers\TopController.php (169)
in D:\workspace\joyplus-cms\joyplus-social\index.php (13)
2013/07/24 13:32:57 [trace] [system.db.CDbCommand] Querying SQL: SELECT `t_id` AS `id`, `t_name` AS `name`, `t_type` AS `prod_type`, `t_pic` AS `pic_url`, `t_des` AS `content`, `t_toptype` AS `toptype`
FROM `mac_vod_topic`
WHERE t_flag=:t_flag and t_type=2 and t_id>4 and t_bdtype=1  AND (can_search_device like '%TV%' or can_search_device is null or can_search_device ='' ) 
ORDER BY `t_toptype` DESC, `t_sort` DESC, `create_date` DESC LIMIT 3. Bound with :t_flag=1
in D:\workspace\joyplus-cms\joyplus-social\protected\manager\SearchManager.php (157)
in D:\workspace\joyplus-cms\joyplus-social\protected\controllers\TopController.php (169)
in D:\workspace\joyplus-cms\joyplus-social\index.php (13)
2013/07/24 13:32:57 [trace] [system.db.CDbCommand] Querying SQL: SELECT items.id as id, vod.d_id as prod_id,vod.d_name as prod_name, vod.d_level as definition, vod.d_type as prod_type, vod.d_pic as prod_pic_url,substring_index( vod.d_pic_ipad, '{Array}', 1 )  as big_prod_pic_url,vod.d_starring as stars,vod.d_directed as directors ,vod.favority_user_count as favority_num ,vod.good_number as support_num,vod.d_year as publish_date,vod.d_score as score,vod.d_area as area, vod.d_remarks as max_episode, vod.d_state as cur_episode , vod.duraning as duration 
FROM `mac_vod_topic_items` `items`
JOIN `mac_vod` `vod` ON items.vod_id=vod.d_id
WHERE items.flag=:t_flag and items.topic_id=:topic_id and  vod.d_hide=0  AND (can_search_device like '%TV%' or can_search_device is null or can_search_device ='' ) 
ORDER BY `items`.`disp_order` DESC, `vod`.`d_level` DESC, `vod`.`d_good` DESC, `vod`.`d_time` DESC LIMIT 5. Bound with :t_flag=1, :topic_id='284'
in D:\workspace\joyplus-cms\joyplus-social\protected\manager\SearchManager.php (489)
in D:\workspace\joyplus-cms\joyplus-social\protected\manager\SearchManager.php (161)
in D:\workspace\joyplus-cms\joyplus-social\protected\controllers\TopController.php (169)
2013/07/24 13:32:57 [trace] [system.db.CDbCommand] Querying SQL: SELECT count(items.id) as countNum 
FROM `mac_vod_topic_items` `items`
JOIN `mac_vod` `vod` ON items.vod_id=vod.d_id
WHERE items.flag=:t_flag and items.topic_id=:topic_id and  vod.d_hide=0  AND (can_search_device like '%TV%' or can_search_device is null or can_search_device ='' ) . Bound with :t_flag=1, :topic_id='284'
in D:\workspace\joyplus-cms\joyplus-social\protected\manager\SearchManager.php (522)
in D:\workspace\joyplus-cms\joyplus-social\protected\manager\SearchManager.php (171)
in D:\workspace\joyplus-cms\joyplus-social\protected\controllers\TopController.php (169)
2013/07/24 13:32:57 [trace] [system.db.CDbCommand] Querying SQL: SELECT items.id as id, vod.d_id as prod_id,vod.d_name as prod_name, vod.d_level as definition, vod.d_type as prod_type, vod.d_pic as prod_pic_url,substring_index( vod.d_pic_ipad, '{Array}', 1 )  as big_prod_pic_url,vod.d_starring as stars,vod.d_directed as directors ,vod.favority_user_count as favority_num ,vod.good_number as support_num,vod.d_year as publish_date,vod.d_score as score,vod.d_area as area, vod.d_remarks as max_episode, vod.d_state as cur_episode , vod.duraning as duration 
FROM `mac_vod_topic_items` `items`
JOIN `mac_vod` `vod` ON items.vod_id=vod.d_id
WHERE items.flag=:t_flag and items.topic_id=:topic_id and  vod.d_hide=0  AND (can_search_device like '%TV%' or can_search_device is null or can_search_device ='' ) 
ORDER BY `items`.`disp_order` DESC, `vod`.`d_level` DESC, `vod`.`d_good` DESC, `vod`.`d_time` DESC LIMIT 5. Bound with :t_flag=1, :topic_id='288'
in D:\workspace\joyplus-cms\joyplus-social\protected\manager\SearchManager.php (489)
in D:\workspace\joyplus-cms\joyplus-social\protected\manager\SearchManager.php (161)
in D:\workspace\joyplus-cms\joyplus-social\protected\controllers\TopController.php (169)
2013/07/24 13:32:57 [trace] [system.db.CDbCommand] Querying SQL: SELECT count(items.id) as countNum 
FROM `mac_vod_topic_items` `items`
JOIN `mac_vod` `vod` ON items.vod_id=vod.d_id
WHERE items.flag=:t_flag and items.topic_id=:topic_id and  vod.d_hide=0  AND (can_search_device like '%TV%' or can_search_device is null or can_search_device ='' ) . Bound with :t_flag=1, :topic_id='288'
in D:\workspace\joyplus-cms\joyplus-social\protected\manager\SearchManager.php (522)
in D:\workspace\joyplus-cms\joyplus-social\protected\manager\SearchManager.php (171)
in D:\workspace\joyplus-cms\joyplus-social\protected\controllers\TopController.php (169)
2013/07/24 13:32:57 [trace] [system.db.CDbCommand] Querying SQL: SELECT items.id as id, vod.d_id as prod_id,vod.d_name as prod_name, vod.d_level as definition, vod.d_type as prod_type, vod.d_pic as prod_pic_url,substring_index( vod.d_pic_ipad, '{Array}', 1 )  as big_prod_pic_url,vod.d_starring as stars,vod.d_directed as directors ,vod.favority_user_count as favority_num ,vod.good_number as support_num,vod.d_year as publish_date,vod.d_score as score,vod.d_area as area, vod.d_remarks as max_episode, vod.d_state as cur_episode , vod.duraning as duration 
FROM `mac_vod_topic_items` `items`
JOIN `mac_vod` `vod` ON items.vod_id=vod.d_id
WHERE items.flag=:t_flag and items.topic_id=:topic_id and  vod.d_hide=0  AND (can_search_device like '%TV%' or can_search_device is null or can_search_device ='' ) 
ORDER BY `items`.`disp_order` DESC, `vod`.`d_level` DESC, `vod`.`d_good` DESC, `vod`.`d_time` DESC LIMIT 5. Bound with :t_flag=1, :topic_id='287'
in D:\workspace\joyplus-cms\joyplus-social\protected\manager\SearchManager.php (489)
in D:\workspace\joyplus-cms\joyplus-social\protected\manager\SearchManager.php (161)
in D:\workspace\joyplus-cms\joyplus-social\protected\controllers\TopController.php (169)
2013/07/24 13:32:57 [trace] [system.db.CDbCommand] Querying SQL: SELECT count(items.id) as countNum 
FROM `mac_vod_topic_items` `items`
JOIN `mac_vod` `vod` ON items.vod_id=vod.d_id
WHERE items.flag=:t_flag and items.topic_id=:topic_id and  vod.d_hide=0  AND (can_search_device like '%TV%' or can_search_device is null or can_search_device ='' ) . Bound with :t_flag=1, :topic_id='287'
in D:\workspace\joyplus-cms\joyplus-social\protected\manager\SearchManager.php (522)
in D:\workspace\joyplus-cms\joyplus-social\protected\manager\SearchManager.php (171)
in D:\workspace\joyplus-cms\joyplus-social\protected\controllers\TopController.php (169)
2013/07/24 13:32:58 [trace] [system.CModule] Loading "log" application component
in D:\workspace\joyplus-cms\joyplus-social\index.php (13)
2013/07/24 13:32:58 [trace] [system.CModule] Loading "request" application component
in D:\workspace\joyplus-cms\joyplus-social\index.php (13)
2013/07/24 13:32:58 [trace] [system.CModule] Loading "urlManager" application component
in D:\workspace\joyplus-cms\joyplus-social\index.php (13)
2013/07/24 13:32:58 [trace] [system.CModule] Loading "db" application component
in D:\workspace\joyplus-cms\joyplus-social\protected\models\Dynamic.php (28)
in D:\workspace\joyplus-cms\joyplus-social\protected\controllers\UserController.php (874)
in D:\workspace\joyplus-cms\joyplus-social\index.php (13)
2013/07/24 13:32:58 [trace] [system.db.CDbConnection] Opening DB connection
in D:\workspace\joyplus-cms\joyplus-social\protected\models\Dynamic.php (28)
in D:\workspace\joyplus-cms\joyplus-social\protected\controllers\UserController.php (874)
in D:\workspace\joyplus-cms\joyplus-social\index.php (13)
2013/07/24 13:32:58 [trace] [system.db.CDbCommand] Querying SQL: SHOW COLUMNS FROM `tbl_my_dynamic`
in D:\workspace\joyplus-cms\joyplus-social\protected\models\Dynamic.php (28)
in D:\workspace\joyplus-cms\joyplus-social\protected\controllers\UserController.php (874)
in D:\workspace\joyplus-cms\joyplus-social\index.php (13)
2013/07/24 13:32:58 [trace] [system.db.CDbCommand] Querying SQL: SHOW CREATE TABLE `tbl_my_dynamic`
in D:\workspace\joyplus-cms\joyplus-social\protected\models\Dynamic.php (28)
in D:\workspace\joyplus-cms\joyplus-social\protected\controllers\UserController.php (874)
in D:\workspace\joyplus-cms\joyplus-social\index.php (13)
2013/07/24 13:32:58 [trace] [system.db.CDbCommand] Querying SQL: SELECT vod.d_id as content_id,vod.d_name as content_name, vod.d_type as content_type, vod.d_hide as hide,
		 vod.d_pic as content_pic_url, substring_index( vod.d_pic_ipad, '{Array}', 1 )  as big_content_pic_url,	a.create_date,vod.d_starring as stars,
		vod.d_directed as directors ,vod.favority_user_count as favority_num ,vod.good_number as support_num,vod.d_area as area,vod.d_year as publish_date,vod.d_score as score,vod.d_remarks as max_episode, vod.d_state as cur_episode , vod.duraning as duration 
FROM `tbl_my_dynamic` `a`
JOIN `mac_vod` `vod` ON a.content_id=vod.d_id
WHERE author_id=:author_id and status=:status and dynamic_type=:type
ORDER BY `create_date` DESC LIMIT 100. Bound with :author_id='2870', :status=1, :type=2
in D:\workspace\joyplus-cms\joyplus-social\protected\models\Dynamic.php (99)
in D:\workspace\joyplus-cms\joyplus-social\protected\controllers\UserController.php (874)
in D:\workspace\joyplus-cms\joyplus-social\index.php (13)
2013/07/24 13:32:58 [trace] [system.CModule] Loading "log" application component
in D:\workspace\joyplus-cms\joyplus-social\index.php (13)
2013/07/24 13:32:58 [trace] [system.CModule] Loading "request" application component
in D:\workspace\joyplus-cms\joyplus-social\index.php (13)
2013/07/24 13:32:58 [trace] [system.CModule] Loading "urlManager" application component
in D:\workspace\joyplus-cms\joyplus-social\index.php (13)
2013/07/24 13:32:58 [trace] [system.CModule] Loading "db" application component
in D:\workspace\joyplus-cms\joyplus-social\protected\models\PlayHistory.php (29)
in D:\workspace\joyplus-cms\joyplus-social\protected\controllers\UserController.php (392)
in D:\workspace\joyplus-cms\joyplus-social\index.php (13)
2013/07/24 13:32:58 [trace] [system.db.CDbConnection] Opening DB connection
in D:\workspace\joyplus-cms\joyplus-social\protected\models\PlayHistory.php (29)
in D:\workspace\joyplus-cms\joyplus-social\protected\controllers\UserController.php (392)
in D:\workspace\joyplus-cms\joyplus-social\index.php (13)
2013/07/24 13:32:58 [trace] [system.db.CDbCommand] Querying SQL: SHOW COLUMNS FROM `tbl_play_history`
in D:\workspace\joyplus-cms\joyplus-social\protected\models\PlayHistory.php (29)
in D:\workspace\joyplus-cms\joyplus-social\protected\controllers\UserController.php (392)
in D:\workspace\joyplus-cms\joyplus-social\index.php (13)
2013/07/24 13:32:58 [trace] [system.db.CDbCommand] Querying SQL: SHOW CREATE TABLE `tbl_play_history`
in D:\workspace\joyplus-cms\joyplus-social\protected\models\PlayHistory.php (29)
in D:\workspace\joyplus-cms\joyplus-social\protected\controllers\UserController.php (392)
in D:\workspace\joyplus-cms\joyplus-social\index.php (13)
2013/07/24 13:32:58 [trace] [system.db.CDbCommand] Querying SQL: SELECT  vod.d_hide as hide,a.id,a.prod_type, a.prod_name, a.prod_subname, a.prod_id, a.create_date, a.play_type, a.playback_time, a.video_url, a.duration,	a.create_date ,vod.d_pic as prod_pic_url, substring_index( vod.d_pic_ipad, '{Array}', 1 )  as big_prod_pic_url  , vod.d_level as definition,vod.d_content as prod_summary, vod.d_starring as stars,vod.d_directed as directors ,vod.favority_user_count as favority_num ,vod.good_number as support_num ,vod.d_year as publish_date,vod.d_score as score,vod.d_area as area, vod.d_remarks as max_episode, vod.d_state as cur_episode  
FROM `tbl_play_history` `a`
JOIN `mac_vod` `vod` ON a.prod_id=vod.d_id
WHERE a.author_id=:author_id and a.status=:status
ORDER BY `a`.`create_date` DESC LIMIT 100. Bound with :author_id='2870', :status=1
in D:\workspace\joyplus-cms\joyplus-social\protected\models\PlayHistory.php (102)
in D:\workspace\joyplus-cms\joyplus-social\protected\controllers\UserController.php (392)
in D:\workspace\joyplus-cms\joyplus-social\index.php (13)
2013/07/24 13:33:18 [trace] [system.CModule] Loading "log" application component
in D:\workspace\joyplus-cms\joyplus-social\index.php (13)
2013/07/24 13:33:18 [trace] [system.CModule] Loading "request" application component
in D:\workspace\joyplus-cms\joyplus-social\index.php (13)
2013/07/24 13:33:18 [trace] [system.CModule] Loading "urlManager" application component
in D:\workspace\joyplus-cms\joyplus-social\index.php (13)
2013/07/24 13:33:18 [trace] [system.CModule] Loading "db" application component
in D:\workspace\joyplus-cms\joyplus-social\protected\models\User.php (55)
in D:\workspace\joyplus-cms\joyplus-social\protected\controllers\AccountController.php (59)
in D:\workspace\joyplus-cms\joyplus-social\index.php (13)
2013/07/24 13:33:18 [trace] [system.db.CDbConnection] Opening DB connection
in D:\workspace\joyplus-cms\joyplus-social\protected\models\User.php (55)
in D:\workspace\joyplus-cms\joyplus-social\protected\controllers\AccountController.php (59)
in D:\workspace\joyplus-cms\joyplus-social\index.php (13)
2013/07/24 13:33:18 [trace] [system.db.CDbCommand] Querying SQL: SHOW COLUMNS FROM `tbl_user`
in D:\workspace\joyplus-cms\joyplus-social\protected\models\User.php (55)
in D:\workspace\joyplus-cms\joyplus-social\protected\controllers\AccountController.php (59)
in D:\workspace\joyplus-cms\joyplus-social\index.php (13)
2013/07/24 13:33:18 [trace] [system.db.CDbCommand] Querying SQL: SHOW CREATE TABLE `tbl_user`
in D:\workspace\joyplus-cms\joyplus-social\protected\models\User.php (55)
in D:\workspace\joyplus-cms\joyplus-social\protected\controllers\AccountController.php (59)
in D:\workspace\joyplus-cms\joyplus-social\index.php (13)
2013/07/24 13:33:18 [trace] [system.db.ar.CActiveRecord] User.find()
in D:\workspace\joyplus-cms\joyplus-social\protected\controllers\AccountController.php (65)
in D:\workspace\joyplus-cms\joyplus-social\index.php (13)
2013/07/24 13:33:18 [trace] [system.db.CDbCommand] Querying SQL: SELECT * FROM `tbl_user` `t` WHERE device_number=:device_number and status=:status LIMIT 1. Bound with :device_number='00:b9:0b:00:4e:f1', :status=1
in D:\workspace\joyplus-cms\joyplus-social\protected\controllers\AccountController.php (65)
in D:\workspace\joyplus-cms\joyplus-social\index.php (13)
2013/07/24 13:33:18 [trace] [system.CModule] Loading "log" application component
in D:\workspace\joyplus-cms\joyplus-social\index.php (13)
2013/07/24 13:33:18 [trace] [system.CModule] Loading "request" application component
in D:\workspace\joyplus-cms\joyplus-social\index.php (13)
2013/07/24 13:33:18 [trace] [system.CModule] Loading "urlManager" application component
in D:\workspace\joyplus-cms\joyplus-social\index.php (13)
2013/07/24 13:33:18 [trace] [system.CModule] Loading "db" application component
in D:\workspace\joyplus-cms\joyplus-social\protected\manager\SearchManager.php (615)
in D:\workspace\joyplus-cms\joyplus-social\protected\controllers\TopController.php (25)
in D:\workspace\joyplus-cms\joyplus-social\index.php (13)
2013/07/24 13:33:18 [trace] [system.db.CDbConnection] Opening DB connection
in D:\workspace\joyplus-cms\joyplus-social\protected\manager\SearchManager.php (615)
in D:\workspace\joyplus-cms\joyplus-social\protected\controllers\TopController.php (25)
in D:\workspace\joyplus-cms\joyplus-social\index.php (13)
2013/07/24 13:33:18 [trace] [system.db.CDbCommand] Querying SQL: SELECT items.id as id, vod.d_id as prod_id,vod.d_name as prod_name, vod.d_downurl as play_urls,vod.d_level as definition,vod.d_content as prod_summary, vod.d_type as prod_type,  substring_index( vod.d_pic_ipad, '{Array}', 1 )  as prod_pic_url,vod.d_starring as stars,vod.d_directed as directors ,vod.favority_user_count as favority_num ,vod.good_number as support_num ,vod.d_year as publish_date,vod.d_score as score,vod.d_area as area, vod.d_remarks as max_episode, vod.d_state as cur_episode , vod.duraning as duration 
FROM `mac_vod_topic_items` `items`
JOIN `mac_vod` `vod` ON items.vod_id=vod.d_id
WHERE items.flag=:t_flag and items.topic_id=:topic_id and vod.d_hide=0  AND (can_search_device like '%TV%' or can_search_device is null or can_search_device ='' ) 
ORDER BY `items`.`disp_order` DESC, `vod`.`d_level` DESC, `vod`.`d_good` DESC, `vod`.`d_time` DESC LIMIT 1000. Bound with :t_flag=1, :topic_id=4677
in D:\workspace\joyplus-cms\joyplus-social\protected\manager\SearchManager.php (623)
in D:\workspace\joyplus-cms\joyplus-social\protected\controllers\TopController.php (25)
in D:\workspace\joyplus-cms\joyplus-social\index.php (13)
2013/07/24 13:33:18 [trace] [system.CModule] Loading "log" application component
in D:\workspace\joyplus-cms\joyplus-social\index.php (13)
2013/07/24 13:33:18 [trace] [system.CModule] Loading "request" application component
in D:\workspace\joyplus-cms\joyplus-social\index.php (13)
2013/07/24 13:33:18 [trace] [system.CModule] Loading "urlManager" application component
in D:\workspace\joyplus-cms\joyplus-social\index.php (13)
2013/07/24 13:33:18 [trace] [system.CModule] Loading "db" application component
in D:\workspace\joyplus-cms\joyplus-social\protected\models\User.php (55)
in D:\workspace\joyplus-cms\joyplus-social\protected\components\IjoyPlusServiceUtils.php (103)
in D:\workspace\joyplus-cms\joyplus-social\protected\components\IjoyPlusServiceUtils.php (77)
2013/07/24 13:33:18 [trace] [system.db.CDbConnection] Opening DB connection
in D:\workspace\joyplus-cms\joyplus-social\protected\models\User.php (55)
in D:\workspace\joyplus-cms\joyplus-social\protected\components\IjoyPlusServiceUtils.php (103)
in D:\workspace\joyplus-cms\joyplus-social\protected\components\IjoyPlusServiceUtils.php (77)
2013/07/24 13:33:18 [trace] [system.db.CDbCommand] Querying SQL: SHOW COLUMNS FROM `tbl_user`
in D:\workspace\joyplus-cms\joyplus-social\protected\models\User.php (55)
in D:\workspace\joyplus-cms\joyplus-social\protected\components\IjoyPlusServiceUtils.php (103)
in D:\workspace\joyplus-cms\joyplus-social\protected\components\IjoyPlusServiceUtils.php (77)
2013/07/24 13:33:18 [trace] [system.db.CDbCommand] Querying SQL: SHOW CREATE TABLE `tbl_user`
in D:\workspace\joyplus-cms\joyplus-social\protected\models\User.php (55)
in D:\workspace\joyplus-cms\joyplus-social\protected\components\IjoyPlusServiceUtils.php (103)
in D:\workspace\joyplus-cms\joyplus-social\protected\components\IjoyPlusServiceUtils.php (77)
2013/07/24 13:33:18 [trace] [system.db.CDbCommand] Querying SQL: select nickname,username,user_photo_url from tbl_user where id='2870'
in D:\workspace\joyplus-cms\joyplus-social\protected\models\User.php (508)
in D:\workspace\joyplus-cms\joyplus-social\protected\components\IjoyPlusServiceUtils.php (103)
in D:\workspace\joyplus-cms\joyplus-social\protected\components\IjoyPlusServiceUtils.php (77)
2013/07/24 13:33:18 [trace] [system.CModule] Loading "user" application component
in D:\workspace\joyplus-cms\joyplus-social\protected\components\IjoyPlusServiceUtils.php (109)
in D:\workspace\joyplus-cms\joyplus-social\protected\components\IjoyPlusServiceUtils.php (77)
in D:\workspace\joyplus-cms\joyplus-social\protected\controllers\UserController.php (375)
2013/07/24 13:33:18 [trace] [system.CModule] Loading "session" application component
in D:\workspace\joyplus-cms\joyplus-social\protected\components\IjoyPlusServiceUtils.php (109)
in D:\workspace\joyplus-cms\joyplus-social\protected\components\IjoyPlusServiceUtils.php (77)
in D:\workspace\joyplus-cms\joyplus-social\protected\controllers\UserController.php (375)
2013/07/24 13:33:18 [trace] [system.db.CDbCommand] Querying SQL: SHOW COLUMNS FROM `tbl_play_history`
in D:\workspace\joyplus-cms\joyplus-social\protected\models\PlayHistory.php (29)
in D:\workspace\joyplus-cms\joyplus-social\protected\controllers\UserController.php (392)
in D:\workspace\joyplus-cms\joyplus-social\index.php (13)
2013/07/24 13:33:18 [trace] [system.db.CDbCommand] Querying SQL: SHOW CREATE TABLE `tbl_play_history`
in D:\workspace\joyplus-cms\joyplus-social\protected\models\PlayHistory.php (29)
in D:\workspace\joyplus-cms\joyplus-social\protected\controllers\UserController.php (392)
in D:\workspace\joyplus-cms\joyplus-social\index.php (13)
2013/07/24 13:33:18 [trace] [system.db.CDbCommand] Querying SQL: SELECT  vod.d_hide as hide,a.id,a.prod_type, a.prod_name, a.prod_subname, a.prod_id, a.create_date, a.play_type, a.playback_time, a.video_url, a.duration,	a.create_date ,vod.d_pic as prod_pic_url, substring_index( vod.d_pic_ipad, '{Array}', 1 )  as big_prod_pic_url  , vod.d_level as definition,vod.d_content as prod_summary, vod.d_starring as stars,vod.d_directed as directors ,vod.favority_user_count as favority_num ,vod.good_number as support_num ,vod.d_year as publish_date,vod.d_score as score,vod.d_area as area, vod.d_remarks as max_episode, vod.d_state as cur_episode  
FROM `tbl_play_history` `a`
JOIN `mac_vod` `vod` ON a.prod_id=vod.d_id
WHERE a.author_id=:author_id and a.status=:status
ORDER BY `a`.`create_date` DESC LIMIT 1. Bound with :author_id='2870', :status=1
in D:\workspace\joyplus-cms\joyplus-social\protected\models\PlayHistory.php (102)
in D:\workspace\joyplus-cms\joyplus-social\protected\controllers\UserController.php (392)
in D:\workspace\joyplus-cms\joyplus-social\index.php (13)
2013/07/24 13:33:19 [trace] [system.CModule] Loading "log" application component
in D:\workspace\joyplus-cms\joyplus-social\index.php (13)
2013/07/24 13:33:19 [trace] [system.CModule] Loading "request" application component
in D:\workspace\joyplus-cms\joyplus-social\index.php (13)
2013/07/24 13:33:19 [trace] [system.CModule] Loading "urlManager" application component
in D:\workspace\joyplus-cms\joyplus-social\index.php (13)
2013/07/24 13:33:19 [trace] [system.CModule] Loading "db" application component
in D:\workspace\joyplus-cms\joyplus-social\protected\manager\SearchManager.php (151)
in D:\workspace\joyplus-cms\joyplus-social\protected\controllers\TopController.php (169)
in D:\workspace\joyplus-cms\joyplus-social\index.php (13)
2013/07/24 13:33:19 [trace] [system.db.CDbConnection] Opening DB connection
in D:\workspace\joyplus-cms\joyplus-social\protected\manager\SearchManager.php (151)
in D:\workspace\joyplus-cms\joyplus-social\protected\controllers\TopController.php (169)
in D:\workspace\joyplus-cms\joyplus-social\index.php (13)
2013/07/24 13:33:19 [trace] [system.db.CDbCommand] Querying SQL: SELECT `t_id` AS `id`, `t_name` AS `name`, `t_type` AS `prod_type`, `t_pic` AS `pic_url`, `t_des` AS `content`, `t_toptype` AS `toptype`
FROM `mac_vod_topic`
WHERE t_flag=:t_flag and t_type=1 and t_id>4 and t_bdtype=1  AND (can_search_device like '%TV%' or can_search_device is null or can_search_device ='' ) 
ORDER BY `t_toptype` DESC, `t_sort` DESC, `create_date` DESC LIMIT 3. Bound with :t_flag=1
in D:\workspace\joyplus-cms\joyplus-social\protected\manager\SearchManager.php (157)
in D:\workspace\joyplus-cms\joyplus-social\protected\controllers\TopController.php (169)
in D:\workspace\joyplus-cms\joyplus-social\index.php (13)
2013/07/24 13:33:19 [trace] [system.db.CDbCommand] Querying SQL: SELECT items.id as id, vod.d_id as prod_id,vod.d_name as prod_name, vod.d_level as definition, vod.d_type as prod_type, vod.d_pic as prod_pic_url,substring_index( vod.d_pic_ipad, '{Array}', 1 )  as big_prod_pic_url,vod.d_starring as stars,vod.d_directed as directors ,vod.favority_user_count as favority_num ,vod.good_number as support_num,vod.d_year as publish_date,vod.d_score as score,vod.d_area as area, vod.d_remarks as max_episode, vod.d_state as cur_episode , vod.duraning as duration 
FROM `mac_vod_topic_items` `items`
JOIN `mac_vod` `vod` ON items.vod_id=vod.d_id
WHERE items.flag=:t_flag and items.topic_id=:topic_id and  vod.d_hide=0  AND (can_search_device like '%TV%' or can_search_device is null or can_search_device ='' ) 
ORDER BY `items`.`disp_order` DESC, `vod`.`d_level` DESC, `vod`.`d_good` DESC, `vod`.`d_time` DESC LIMIT 5. Bound with :t_flag=1, :topic_id='24'
in D:\workspace\joyplus-cms\joyplus-social\protected\manager\SearchManager.php (489)
in D:\workspace\joyplus-cms\joyplus-social\protected\manager\SearchManager.php (161)
in D:\workspace\joyplus-cms\joyplus-social\protected\controllers\TopController.php (169)
2013/07/24 13:33:19 [trace] [system.db.CDbCommand] Querying SQL: SELECT count(items.id) as countNum 
FROM `mac_vod_topic_items` `items`
JOIN `mac_vod` `vod` ON items.vod_id=vod.d_id
WHERE items.flag=:t_flag and items.topic_id=:topic_id and  vod.d_hide=0  AND (can_search_device like '%TV%' or can_search_device is null or can_search_device ='' ) . Bound with :t_flag=1, :topic_id='24'
in D:\workspace\joyplus-cms\joyplus-social\protected\manager\SearchManager.php (522)
in D:\workspace\joyplus-cms\joyplus-social\protected\manager\SearchManager.php (171)
in D:\workspace\joyplus-cms\joyplus-social\protected\controllers\TopController.php (169)
2013/07/24 13:33:19 [trace] [system.db.CDbCommand] Querying SQL: SELECT items.id as id, vod.d_id as prod_id,vod.d_name as prod_name, vod.d_level as definition, vod.d_type as prod_type, vod.d_pic as prod_pic_url,substring_index( vod.d_pic_ipad, '{Array}', 1 )  as big_prod_pic_url,vod.d_starring as stars,vod.d_directed as directors ,vod.favority_user_count as favority_num ,vod.good_number as support_num,vod.d_year as publish_date,vod.d_score as score,vod.d_area as area, vod.d_remarks as max_episode, vod.d_state as cur_episode , vod.duraning as duration 
FROM `mac_vod_topic_items` `items`
JOIN `mac_vod` `vod` ON items.vod_id=vod.d_id
WHERE items.flag=:t_flag and items.topic_id=:topic_id and  vod.d_hide=0  AND (can_search_device like '%TV%' or can_search_device is null or can_search_device ='' ) 
ORDER BY `items`.`disp_order` DESC, `vod`.`d_level` DESC, `vod`.`d_good` DESC, `vod`.`d_time` DESC LIMIT 5. Bound with :t_flag=1, :topic_id='227'
in D:\workspace\joyplus-cms\joyplus-social\protected\manager\SearchManager.php (489)
in D:\workspace\joyplus-cms\joyplus-social\protected\manager\SearchManager.php (161)
in D:\workspace\joyplus-cms\joyplus-social\protected\controllers\TopController.php (169)
2013/07/24 13:33:19 [trace] [system.db.CDbCommand] Querying SQL: SELECT count(items.id) as countNum 
FROM `mac_vod_topic_items` `items`
JOIN `mac_vod` `vod` ON items.vod_id=vod.d_id
WHERE items.flag=:t_flag and items.topic_id=:topic_id and  vod.d_hide=0  AND (can_search_device like '%TV%' or can_search_device is null or can_search_device ='' ) . Bound with :t_flag=1, :topic_id='227'
in D:\workspace\joyplus-cms\joyplus-social\protected\manager\SearchManager.php (522)
in D:\workspace\joyplus-cms\joyplus-social\protected\manager\SearchManager.php (171)
in D:\workspace\joyplus-cms\joyplus-social\protected\controllers\TopController.php (169)
2013/07/24 13:33:19 [trace] [system.db.CDbCommand] Querying SQL: SELECT items.id as id, vod.d_id as prod_id,vod.d_name as prod_name, vod.d_level as definition, vod.d_type as prod_type, vod.d_pic as prod_pic_url,substring_index( vod.d_pic_ipad, '{Array}', 1 )  as big_prod_pic_url,vod.d_starring as stars,vod.d_directed as directors ,vod.favority_user_count as favority_num ,vod.good_number as support_num,vod.d_year as publish_date,vod.d_score as score,vod.d_area as area, vod.d_remarks as max_episode, vod.d_state as cur_episode , vod.duraning as duration 
FROM `mac_vod_topic_items` `items`
JOIN `mac_vod` `vod` ON items.vod_id=vod.d_id
WHERE items.flag=:t_flag and items.topic_id=:topic_id and  vod.d_hide=0  AND (can_search_device like '%TV%' or can_search_device is null or can_search_device ='' ) 
ORDER BY `items`.`disp_order` DESC, `vod`.`d_level` DESC, `vod`.`d_good` DESC, `vod`.`d_time` DESC LIMIT 5. Bound with :t_flag=1, :topic_id='40'
in D:\workspace\joyplus-cms\joyplus-social\protected\manager\SearchManager.php (489)
in D:\workspace\joyplus-cms\joyplus-social\protected\manager\SearchManager.php (161)
in D:\workspace\joyplus-cms\joyplus-social\protected\controllers\TopController.php (169)
2013/07/24 13:33:19 [trace] [system.db.CDbCommand] Querying SQL: SELECT count(items.id) as countNum 
FROM `mac_vod_topic_items` `items`
JOIN `mac_vod` `vod` ON items.vod_id=vod.d_id
WHERE items.flag=:t_flag and items.topic_id=:topic_id and  vod.d_hide=0  AND (can_search_device like '%TV%' or can_search_device is null or can_search_device ='' ) . Bound with :t_flag=1, :topic_id='40'
in D:\workspace\joyplus-cms\joyplus-social\protected\manager\SearchManager.php (522)
in D:\workspace\joyplus-cms\joyplus-social\protected\manager\SearchManager.php (171)
in D:\workspace\joyplus-cms\joyplus-social\protected\controllers\TopController.php (169)
2013/07/24 13:33:19 [trace] [system.CModule] Loading "log" application component
in D:\workspace\joyplus-cms\joyplus-social\index.php (13)
2013/07/24 13:33:19 [trace] [system.CModule] Loading "request" application component
in D:\workspace\joyplus-cms\joyplus-social\index.php (13)
2013/07/24 13:33:19 [trace] [system.CModule] Loading "urlManager" application component
in D:\workspace\joyplus-cms\joyplus-social\index.php (13)
2013/07/24 13:33:19 [trace] [system.CModule] Loading "db" application component
in D:\workspace\joyplus-cms\joyplus-social\protected\manager\SearchManager.php (151)
in D:\workspace\joyplus-cms\joyplus-social\protected\controllers\TopController.php (169)
in D:\workspace\joyplus-cms\joyplus-social\index.php (13)
2013/07/24 13:33:19 [trace] [system.db.CDbConnection] Opening DB connection
in D:\workspace\joyplus-cms\joyplus-social\protected\manager\SearchManager.php (151)
in D:\workspace\joyplus-cms\joyplus-social\protected\controllers\TopController.php (169)
in D:\workspace\joyplus-cms\joyplus-social\index.php (13)
2013/07/24 13:33:19 [trace] [system.db.CDbCommand] Querying SQL: SELECT `t_id` AS `id`, `t_name` AS `name`, `t_type` AS `prod_type`, `t_pic` AS `pic_url`, `t_des` AS `content`, `t_toptype` AS `toptype`
FROM `mac_vod_topic`
WHERE t_flag=:t_flag and t_type=2 and t_id>4 and t_bdtype=1  AND (can_search_device like '%TV%' or can_search_device is null or can_search_device ='' ) 
ORDER BY `t_toptype` DESC, `t_sort` DESC, `create_date` DESC LIMIT 3. Bound with :t_flag=1
in D:\workspace\joyplus-cms\joyplus-social\protected\manager\SearchManager.php (157)
in D:\workspace\joyplus-cms\joyplus-social\protected\controllers\TopController.php (169)
in D:\workspace\joyplus-cms\joyplus-social\index.php (13)
2013/07/24 13:33:19 [trace] [system.db.CDbCommand] Querying SQL: SELECT items.id as id, vod.d_id as prod_id,vod.d_name as prod_name, vod.d_level as definition, vod.d_type as prod_type, vod.d_pic as prod_pic_url,substring_index( vod.d_pic_ipad, '{Array}', 1 )  as big_prod_pic_url,vod.d_starring as stars,vod.d_directed as directors ,vod.favority_user_count as favority_num ,vod.good_number as support_num,vod.d_year as publish_date,vod.d_score as score,vod.d_area as area, vod.d_remarks as max_episode, vod.d_state as cur_episode , vod.duraning as duration 
FROM `mac_vod_topic_items` `items`
JOIN `mac_vod` `vod` ON items.vod_id=vod.d_id
WHERE items.flag=:t_flag and items.topic_id=:topic_id and  vod.d_hide=0  AND (can_search_device like '%TV%' or can_search_device is null or can_search_device ='' ) 
ORDER BY `items`.`disp_order` DESC, `vod`.`d_level` DESC, `vod`.`d_good` DESC, `vod`.`d_time` DESC LIMIT 5. Bound with :t_flag=1, :topic_id='284'
in D:\workspace\joyplus-cms\joyplus-social\protected\manager\SearchManager.php (489)
in D:\workspace\joyplus-cms\joyplus-social\protected\manager\SearchManager.php (161)
in D:\workspace\joyplus-cms\joyplus-social\protected\controllers\TopController.php (169)
2013/07/24 13:33:19 [trace] [system.db.CDbCommand] Querying SQL: SELECT count(items.id) as countNum 
FROM `mac_vod_topic_items` `items`
JOIN `mac_vod` `vod` ON items.vod_id=vod.d_id
WHERE items.flag=:t_flag and items.topic_id=:topic_id and  vod.d_hide=0  AND (can_search_device like '%TV%' or can_search_device is null or can_search_device ='' ) . Bound with :t_flag=1, :topic_id='284'
in D:\workspace\joyplus-cms\joyplus-social\protected\manager\SearchManager.php (522)
in D:\workspace\joyplus-cms\joyplus-social\protected\manager\SearchManager.php (171)
in D:\workspace\joyplus-cms\joyplus-social\protected\controllers\TopController.php (169)
2013/07/24 13:33:19 [trace] [system.db.CDbCommand] Querying SQL: SELECT items.id as id, vod.d_id as prod_id,vod.d_name as prod_name, vod.d_level as definition, vod.d_type as prod_type, vod.d_pic as prod_pic_url,substring_index( vod.d_pic_ipad, '{Array}', 1 )  as big_prod_pic_url,vod.d_starring as stars,vod.d_directed as directors ,vod.favority_user_count as favority_num ,vod.good_number as support_num,vod.d_year as publish_date,vod.d_score as score,vod.d_area as area, vod.d_remarks as max_episode, vod.d_state as cur_episode , vod.duraning as duration 
FROM `mac_vod_topic_items` `items`
JOIN `mac_vod` `vod` ON items.vod_id=vod.d_id
WHERE items.flag=:t_flag and items.topic_id=:topic_id and  vod.d_hide=0  AND (can_search_device like '%TV%' or can_search_device is null or can_search_device ='' ) 
ORDER BY `items`.`disp_order` DESC, `vod`.`d_level` DESC, `vod`.`d_good` DESC, `vod`.`d_time` DESC LIMIT 5. Bound with :t_flag=1, :topic_id='288'
in D:\workspace\joyplus-cms\joyplus-social\protected\manager\SearchManager.php (489)
in D:\workspace\joyplus-cms\joyplus-social\protected\manager\SearchManager.php (161)
in D:\workspace\joyplus-cms\joyplus-social\protected\controllers\TopController.php (169)
2013/07/24 13:33:19 [trace] [system.db.CDbCommand] Querying SQL: SELECT count(items.id) as countNum 
FROM `mac_vod_topic_items` `items`
JOIN `mac_vod` `vod` ON items.vod_id=vod.d_id
WHERE items.flag=:t_flag and items.topic_id=:topic_id and  vod.d_hide=0  AND (can_search_device like '%TV%' or can_search_device is null or can_search_device ='' ) . Bound with :t_flag=1, :topic_id='288'
in D:\workspace\joyplus-cms\joyplus-social\protected\manager\SearchManager.php (522)
in D:\workspace\joyplus-cms\joyplus-social\protected\manager\SearchManager.php (171)
in D:\workspace\joyplus-cms\joyplus-social\protected\controllers\TopController.php (169)
2013/07/24 13:33:19 [trace] [system.db.CDbCommand] Querying SQL: SELECT items.id as id, vod.d_id as prod_id,vod.d_name as prod_name, vod.d_level as definition, vod.d_type as prod_type, vod.d_pic as prod_pic_url,substring_index( vod.d_pic_ipad, '{Array}', 1 )  as big_prod_pic_url,vod.d_starring as stars,vod.d_directed as directors ,vod.favority_user_count as favority_num ,vod.good_number as support_num,vod.d_year as publish_date,vod.d_score as score,vod.d_area as area, vod.d_remarks as max_episode, vod.d_state as cur_episode , vod.duraning as duration 
FROM `mac_vod_topic_items` `items`
JOIN `mac_vod` `vod` ON items.vod_id=vod.d_id
WHERE items.flag=:t_flag and items.topic_id=:topic_id and  vod.d_hide=0  AND (can_search_device like '%TV%' or can_search_device is null or can_search_device ='' ) 
ORDER BY `items`.`disp_order` DESC, `vod`.`d_level` DESC, `vod`.`d_good` DESC, `vod`.`d_time` DESC LIMIT 5. Bound with :t_flag=1, :topic_id='287'
in D:\workspace\joyplus-cms\joyplus-social\protected\manager\SearchManager.php (489)
in D:\workspace\joyplus-cms\joyplus-social\protected\manager\SearchManager.php (161)
in D:\workspace\joyplus-cms\joyplus-social\protected\controllers\TopController.php (169)
2013/07/24 13:33:19 [trace] [system.db.CDbCommand] Querying SQL: SELECT count(items.id) as countNum 
FROM `mac_vod_topic_items` `items`
JOIN `mac_vod` `vod` ON items.vod_id=vod.d_id
WHERE items.flag=:t_flag and items.topic_id=:topic_id and  vod.d_hide=0  AND (can_search_device like '%TV%' or can_search_device is null or can_search_device ='' ) . Bound with :t_flag=1, :topic_id='287'
in D:\workspace\joyplus-cms\joyplus-social\protected\manager\SearchManager.php (522)
in D:\workspace\joyplus-cms\joyplus-social\protected\manager\SearchManager.php (171)
in D:\workspace\joyplus-cms\joyplus-social\protected\controllers\TopController.php (169)
2013/07/24 13:33:20 [trace] [system.CModule] Loading "log" application component
in D:\workspace\joyplus-cms\joyplus-social\index.php (13)
2013/07/24 13:33:20 [trace] [system.CModule] Loading "request" application component
in D:\workspace\joyplus-cms\joyplus-social\index.php (13)
2013/07/24 13:33:20 [trace] [system.CModule] Loading "urlManager" application component
in D:\workspace\joyplus-cms\joyplus-social\index.php (13)
2013/07/24 13:33:20 [trace] [system.CModule] Loading "db" application component
in D:\workspace\joyplus-cms\joyplus-social\protected\models\Dynamic.php (28)
in D:\workspace\joyplus-cms\joyplus-social\protected\controllers\UserController.php (874)
in D:\workspace\joyplus-cms\joyplus-social\index.php (13)
2013/07/24 13:33:20 [trace] [system.db.CDbConnection] Opening DB connection
in D:\workspace\joyplus-cms\joyplus-social\protected\models\Dynamic.php (28)
in D:\workspace\joyplus-cms\joyplus-social\protected\controllers\UserController.php (874)
in D:\workspace\joyplus-cms\joyplus-social\index.php (13)
2013/07/24 13:33:20 [trace] [system.db.CDbCommand] Querying SQL: SHOW COLUMNS FROM `tbl_my_dynamic`
in D:\workspace\joyplus-cms\joyplus-social\protected\models\Dynamic.php (28)
in D:\workspace\joyplus-cms\joyplus-social\protected\controllers\UserController.php (874)
in D:\workspace\joyplus-cms\joyplus-social\index.php (13)
2013/07/24 13:33:20 [trace] [system.db.CDbCommand] Querying SQL: SHOW CREATE TABLE `tbl_my_dynamic`
in D:\workspace\joyplus-cms\joyplus-social\protected\models\Dynamic.php (28)
in D:\workspace\joyplus-cms\joyplus-social\protected\controllers\UserController.php (874)
in D:\workspace\joyplus-cms\joyplus-social\index.php (13)
2013/07/24 13:33:20 [trace] [system.db.CDbCommand] Querying SQL: SELECT vod.d_id as content_id,vod.d_name as content_name, vod.d_type as content_type, vod.d_hide as hide,
		 vod.d_pic as content_pic_url, substring_index( vod.d_pic_ipad, '{Array}', 1 )  as big_content_pic_url,	a.create_date,vod.d_starring as stars,
		vod.d_directed as directors ,vod.favority_user_count as favority_num ,vod.good_number as support_num,vod.d_area as area,vod.d_year as publish_date,vod.d_score as score,vod.d_remarks as max_episode, vod.d_state as cur_episode , vod.duraning as duration 
FROM `tbl_my_dynamic` `a`
JOIN `mac_vod` `vod` ON a.content_id=vod.d_id
WHERE author_id=:author_id and status=:status and dynamic_type=:type
ORDER BY `create_date` DESC LIMIT 100. Bound with :author_id='2870', :status=1, :type=2
in D:\workspace\joyplus-cms\joyplus-social\protected\models\Dynamic.php (99)
in D:\workspace\joyplus-cms\joyplus-social\protected\controllers\UserController.php (874)
in D:\workspace\joyplus-cms\joyplus-social\index.php (13)
2013/07/24 13:33:20 [trace] [system.CModule] Loading "log" application component
in D:\workspace\joyplus-cms\joyplus-social\index.php (13)
2013/07/24 13:33:20 [trace] [system.CModule] Loading "request" application component
in D:\workspace\joyplus-cms\joyplus-social\index.php (13)
2013/07/24 13:33:20 [trace] [system.CModule] Loading "urlManager" application component
in D:\workspace\joyplus-cms\joyplus-social\index.php (13)
2013/07/24 13:33:20 [trace] [system.CModule] Loading "db" application component
in D:\workspace\joyplus-cms\joyplus-social\protected\models\PlayHistory.php (29)
in D:\workspace\joyplus-cms\joyplus-social\protected\controllers\UserController.php (392)
in D:\workspace\joyplus-cms\joyplus-social\index.php (13)
2013/07/24 13:33:20 [trace] [system.db.CDbConnection] Opening DB connection
in D:\workspace\joyplus-cms\joyplus-social\protected\models\PlayHistory.php (29)
in D:\workspace\joyplus-cms\joyplus-social\protected\controllers\UserController.php (392)
in D:\workspace\joyplus-cms\joyplus-social\index.php (13)
2013/07/24 13:33:20 [trace] [system.db.CDbCommand] Querying SQL: SHOW COLUMNS FROM `tbl_play_history`
in D:\workspace\joyplus-cms\joyplus-social\protected\models\PlayHistory.php (29)
in D:\workspace\joyplus-cms\joyplus-social\protected\controllers\UserController.php (392)
in D:\workspace\joyplus-cms\joyplus-social\index.php (13)
2013/07/24 13:33:20 [trace] [system.db.CDbCommand] Querying SQL: SHOW CREATE TABLE `tbl_play_history`
in D:\workspace\joyplus-cms\joyplus-social\protected\models\PlayHistory.php (29)
in D:\workspace\joyplus-cms\joyplus-social\protected\controllers\UserController.php (392)
in D:\workspace\joyplus-cms\joyplus-social\index.php (13)
2013/07/24 13:33:20 [trace] [system.db.CDbCommand] Querying SQL: SELECT  vod.d_hide as hide,a.id,a.prod_type, a.prod_name, a.prod_subname, a.prod_id, a.create_date, a.play_type, a.playback_time, a.video_url, a.duration,	a.create_date ,vod.d_pic as prod_pic_url, substring_index( vod.d_pic_ipad, '{Array}', 1 )  as big_prod_pic_url  , vod.d_level as definition,vod.d_content as prod_summary, vod.d_starring as stars,vod.d_directed as directors ,vod.favority_user_count as favority_num ,vod.good_number as support_num ,vod.d_year as publish_date,vod.d_score as score,vod.d_area as area, vod.d_remarks as max_episode, vod.d_state as cur_episode  
FROM `tbl_play_history` `a`
JOIN `mac_vod` `vod` ON a.prod_id=vod.d_id
WHERE a.author_id=:author_id and a.status=:status
ORDER BY `a`.`create_date` DESC LIMIT 100. Bound with :author_id='2870', :status=1
in D:\workspace\joyplus-cms\joyplus-social\protected\models\PlayHistory.php (102)
in D:\workspace\joyplus-cms\joyplus-social\protected\controllers\UserController.php (392)
in D:\workspace\joyplus-cms\joyplus-social\index.php (13)
2013/07/24 13:33:29 [trace] [system.CModule] Loading "log" application component
in D:\workspace\joyplus-cms\joyplus-social\index.php (13)
2013/07/24 13:33:29 [trace] [system.CModule] Loading "request" application component
in D:\workspace\joyplus-cms\joyplus-social\index.php (13)
2013/07/24 13:33:29 [trace] [system.CModule] Loading "urlManager" application component
in D:\workspace\joyplus-cms\joyplus-social\index.php (13)
2013/07/24 13:33:29 [trace] [system.CModule] Loading "db" application component
in D:\workspace\joyplus-cms\joyplus-social\protected\manager\SearchManager.php (481)
in D:\workspace\joyplus-cms\joyplus-social\protected\controllers\TopController.php (58)
in D:\workspace\joyplus-cms\joyplus-social\index.php (13)
2013/07/24 13:33:29 [trace] [system.db.CDbConnection] Opening DB connection
in D:\workspace\joyplus-cms\joyplus-social\protected\manager\SearchManager.php (481)
in D:\workspace\joyplus-cms\joyplus-social\protected\controllers\TopController.php (58)
in D:\workspace\joyplus-cms\joyplus-social\index.php (13)
2013/07/24 13:33:29 [trace] [system.db.CDbCommand] Querying SQL: SELECT items.id as id, vod.d_id as prod_id,vod.d_name as prod_name, vod.d_level as definition, vod.d_type as prod_type, vod.d_pic as prod_pic_url,substring_index( vod.d_pic_ipad, '{Array}', 1 )  as big_prod_pic_url,vod.d_starring as stars,vod.d_directed as directors ,vod.favority_user_count as favority_num ,vod.good_number as support_num,vod.d_year as publish_date,vod.d_score as score,vod.d_area as area, vod.d_remarks as max_episode, vod.d_state as cur_episode , vod.duraning as duration 
FROM `mac_vod_topic_items` `items`
JOIN `mac_vod` `vod` ON items.vod_id=vod.d_id
WHERE items.flag=:t_flag and items.topic_id=:topic_id and  vod.d_hide=0  AND (can_search_device like '%TV%' or can_search_device is null or can_search_device ='' ) 
ORDER BY `items`.`disp_order` DESC, `vod`.`d_level` DESC, `vod`.`d_good` DESC, `vod`.`d_time` DESC LIMIT 20. Bound with :t_flag=1, :topic_id='7282'
in D:\workspace\joyplus-cms\joyplus-social\protected\manager\SearchManager.php (489)
in D:\workspace\joyplus-cms\joyplus-social\protected\controllers\TopController.php (58)
in D:\workspace\joyplus-cms\joyplus-social\index.php (13)
2013/07/24 13:33:29 [trace] [system.db.CDbCommand] Querying SQL: SHOW COLUMNS FROM `mac_vod_topic`
in D:\workspace\joyplus-cms\joyplus-social\protected\models\Topic.php (28)
in D:\workspace\joyplus-cms\joyplus-social\protected\controllers\TopController.php (60)
in D:\workspace\joyplus-cms\joyplus-social\index.php (13)
2013/07/24 13:33:29 [trace] [system.db.CDbCommand] Querying SQL: SHOW CREATE TABLE `mac_vod_topic`
in D:\workspace\joyplus-cms\joyplus-social\protected\models\Topic.php (28)
in D:\workspace\joyplus-cms\joyplus-social\protected\controllers\TopController.php (60)
in D:\workspace\joyplus-cms\joyplus-social\index.php (13)
2013/07/24 13:33:29 [trace] [system.db.ar.CActiveRecord] Topic.findByPk()
in D:\workspace\joyplus-cms\joyplus-social\protected\controllers\TopController.php (60)
in D:\workspace\joyplus-cms\joyplus-social\index.php (13)
2013/07/24 13:33:29 [trace] [system.db.CDbCommand] Querying SQL: SELECT * FROM `mac_vod_topic` `t` WHERE `t`.`t_id`=7282 LIMIT 1
in D:\workspace\joyplus-cms\joyplus-social\protected\controllers\TopController.php (60)
in D:\workspace\joyplus-cms\joyplus-social\index.php (13)
2013/07/24 13:33:30 [trace] [system.CModule] Loading "log" application component
in D:\workspace\joyplus-cms\joyplus-social\index.php (13)
2013/07/24 13:33:30 [trace] [system.CModule] Loading "request" application component
in D:\workspace\joyplus-cms\joyplus-social\index.php (13)
2013/07/24 13:33:30 [trace] [system.CModule] Loading "urlManager" application component
in D:\workspace\joyplus-cms\joyplus-social\index.php (13)
2013/07/24 13:33:30 [trace] [system.CModule] Loading "db" application component
in D:\workspace\joyplus-cms\joyplus-social\protected\manager\SearchManager.php (823)
in D:\workspace\joyplus-cms\joyplus-social\protected\controllers\SearchController.php (169)
in D:\workspace\joyplus-cms\joyplus-social\index.php (13)
2013/07/24 13:33:30 [trace] [system.db.CDbConnection] Opening DB connection
in D:\workspace\joyplus-cms\joyplus-social\protected\manager\SearchManager.php (823)
in D:\workspace\joyplus-cms\joyplus-social\protected\controllers\SearchController.php (169)
in D:\workspace\joyplus-cms\joyplus-social\index.php (13)
2013/07/24 13:33:30 [trace] [system.db.CDbCommand] Querying SQL: SELECT d_id as prod_id, d_name as prod_name, d_level as definition, d_type as prod_type,d_pic as prod_pic_url,  substring_index( d_pic_ipad, '{Array}', 1 )  as big_prod_pic_url,d_content as prod_sumary,d_starring as star,d_directed as director,d_score as score ,favority_user_count as favority_num ,good_number as support_num ,d_year as publish_date,d_area as area, d_remarks as max_episode, d_state as cur_episode, duraning as duration 
FROM `mac_vod`
WHERE d_hide=:d_hide   and d_type=2  AND (can_search_device like '%TV%' or can_search_device is null or can_search_device ='' ) 
ORDER BY `d_level` DESC, `d_play_num` DESC, `d_good` DESC, `d_time` DESC LIMIT 20. Bound with :d_hide=0
in D:\workspace\joyplus-cms\joyplus-social\protected\manager\SearchManager.php (829)
in D:\workspace\joyplus-cms\joyplus-social\protected\controllers\SearchController.php (169)
in D:\workspace\joyplus-cms\joyplus-social\index.php (13)
2013/07/24 13:33:33 [trace] [system.CModule] Loading "log" application component
in D:\workspace\joyplus-cms\joyplus-social\index.php (13)
2013/07/24 13:33:33 [trace] [system.CModule] Loading "request" application component
in D:\workspace\joyplus-cms\joyplus-social\index.php (13)
2013/07/24 13:33:33 [trace] [system.CModule] Loading "urlManager" application component
in D:\workspace\joyplus-cms\joyplus-social\index.php (13)
2013/07/24 13:33:33 [trace] [system.CModule] Loading "db" application component
in D:\workspace\joyplus-cms\joyplus-social\protected\manager\SearchManager.php (823)
in D:\workspace\joyplus-cms\joyplus-social\protected\controllers\SearchController.php (169)
in D:\workspace\joyplus-cms\joyplus-social\index.php (13)
2013/07/24 13:33:33 [trace] [system.db.CDbConnection] Opening DB connection
in D:\workspace\joyplus-cms\joyplus-social\protected\manager\SearchManager.php (823)
in D:\workspace\joyplus-cms\joyplus-social\protected\controllers\SearchController.php (169)
in D:\workspace\joyplus-cms\joyplus-social\index.php (13)
2013/07/24 13:33:33 [trace] [system.db.CDbCommand] Querying SQL: SELECT d_id as prod_id, d_name as prod_name, d_level as definition, d_type as prod_type,d_pic as prod_pic_url,  substring_index( d_pic_ipad, '{Array}', 1 )  as big_prod_pic_url,d_content as prod_sumary,d_starring as star,d_directed as director,d_score as score ,favority_user_count as favority_num ,good_number as support_num ,d_year as publish_date,d_area as area, d_remarks as max_episode, d_state as cur_episode, duraning as duration 
FROM `mac_vod`
WHERE d_hide=:d_hide   and d_type=2  AND (can_search_device like '%TV%' or can_search_device is null or can_search_device ='' ) 
ORDER BY `d_level` DESC, `d_play_num` DESC, `d_good` DESC, `d_time` DESC LIMIT 20 OFFSET 20. Bound with :d_hide=0
in D:\workspace\joyplus-cms\joyplus-social\protected\manager\SearchManager.php (829)
in D:\workspace\joyplus-cms\joyplus-social\protected\controllers\SearchController.php (169)
in D:\workspace\joyplus-cms\joyplus-social\index.php (13)
2013/07/24 13:33:33 [trace] [system.CModule] Loading "log" application component
in D:\workspace\joyplus-cms\joyplus-social\index.php (13)
2013/07/24 13:33:33 [trace] [system.CModule] Loading "request" application component
in D:\workspace\joyplus-cms\joyplus-social\index.php (13)
2013/07/24 13:33:33 [trace] [system.CModule] Loading "urlManager" application component
in D:\workspace\joyplus-cms\joyplus-social\index.php (13)
2013/07/24 13:33:33 [trace] [system.CModule] Loading "db" application component
in D:\workspace\joyplus-cms\joyplus-social\protected\models\User.php (55)
in D:\workspace\joyplus-cms\joyplus-social\protected\components\IjoyPlusServiceUtils.php (103)
in D:\workspace\joyplus-cms\joyplus-social\protected\components\IjoyPlusServiceUtils.php (77)
2013/07/24 13:33:33 [trace] [system.db.CDbConnection] Opening DB connection
in D:\workspace\joyplus-cms\joyplus-social\protected\models\User.php (55)
in D:\workspace\joyplus-cms\joyplus-social\protected\components\IjoyPlusServiceUtils.php (103)
in D:\workspace\joyplus-cms\joyplus-social\protected\components\IjoyPlusServiceUtils.php (77)
2013/07/24 13:33:33 [trace] [system.db.CDbCommand] Querying SQL: SHOW COLUMNS FROM `tbl_user`
in D:\workspace\joyplus-cms\joyplus-social\protected\models\User.php (55)
in D:\workspace\joyplus-cms\joyplus-social\protected\components\IjoyPlusServiceUtils.php (103)
in D:\workspace\joyplus-cms\joyplus-social\protected\components\IjoyPlusServiceUtils.php (77)
2013/07/24 13:33:33 [trace] [system.db.CDbCommand] Querying SQL: SHOW CREATE TABLE `tbl_user`
in D:\workspace\joyplus-cms\joyplus-social\protected\models\User.php (55)
in D:\workspace\joyplus-cms\joyplus-social\protected\components\IjoyPlusServiceUtils.php (103)
in D:\workspace\joyplus-cms\joyplus-social\protected\components\IjoyPlusServiceUtils.php (77)
2013/07/24 13:33:33 [trace] [system.db.CDbCommand] Querying SQL: select nickname,username,user_photo_url from tbl_user where id='2870'
in D:\workspace\joyplus-cms\joyplus-social\protected\models\User.php (508)
in D:\workspace\joyplus-cms\joyplus-social\protected\components\IjoyPlusServiceUtils.php (103)
in D:\workspace\joyplus-cms\joyplus-social\protected\components\IjoyPlusServiceUtils.php (77)
2013/07/24 13:33:33 [trace] [system.CModule] Loading "user" application component
in D:\workspace\joyplus-cms\joyplus-social\protected\components\IjoyPlusServiceUtils.php (109)
in D:\workspace\joyplus-cms\joyplus-social\protected\components\IjoyPlusServiceUtils.php (77)
in D:\workspace\joyplus-cms\joyplus-social\protected\controllers\ProgramController.php (585)
2013/07/24 13:33:33 [trace] [system.CModule] Loading "session" application component
in D:\workspace\joyplus-cms\joyplus-social\protected\components\IjoyPlusServiceUtils.php (109)
in D:\workspace\joyplus-cms\joyplus-social\protected\components\IjoyPlusServiceUtils.php (77)
in D:\workspace\joyplus-cms\joyplus-social\protected\controllers\ProgramController.php (585)
2013/07/24 13:33:33 [trace] [system.db.CDbCommand] Querying SQL: SHOW COLUMNS FROM `tbl_my_dynamic`
in D:\workspace\joyplus-cms\joyplus-social\protected\models\Dynamic.php (28)
in D:\workspace\joyplus-cms\joyplus-social\protected\controllers\ProgramController.php (595)
in D:\workspace\joyplus-cms\joyplus-social\index.php (13)
2013/07/24 13:33:33 [trace] [system.db.CDbCommand] Querying SQL: SHOW CREATE TABLE `tbl_my_dynamic`
in D:\workspace\joyplus-cms\joyplus-social\protected\models\Dynamic.php (28)
in D:\workspace\joyplus-cms\joyplus-social\protected\controllers\ProgramController.php (595)
in D:\workspace\joyplus-cms\joyplus-social\index.php (13)
2013/07/24 13:33:33 [trace] [system.db.ar.CActiveRecord] Dynamic.find()
in D:\workspace\joyplus-cms\joyplus-social\protected\models\Dynamic.php (182)
in D:\workspace\joyplus-cms\joyplus-social\protected\controllers\ProgramController.php (595)
in D:\workspace\joyplus-cms\joyplus-social\index.php (13)
2013/07/24 13:33:33 [trace] [system.db.CDbCommand] Querying SQL: SELECT * FROM `tbl_my_dynamic` `t` WHERE author_id=:author_id and content_id=:content_id and dynamic_type=:type LIMIT 1. Bound with :author_id='2870', :type=2, :content_id='964207'
in D:\workspace\joyplus-cms\joyplus-social\protected\models\Dynamic.php (182)
in D:\workspace\joyplus-cms\joyplus-social\protected\controllers\ProgramController.php (595)
in D:\workspace\joyplus-cms\joyplus-social\index.php (13)
2013/07/24 13:33:33 [trace] [system.CModule] Loading "log" application component
in D:\workspace\joyplus-cms\joyplus-social\index.php (13)
2013/07/24 13:33:33 [trace] [system.CModule] Loading "request" application component
in D:\workspace\joyplus-cms\joyplus-social\index.php (13)
2013/07/24 13:33:33 [trace] [system.CModule] Loading "urlManager" application component
in D:\workspace\joyplus-cms\joyplus-social\index.php (13)
2013/07/24 13:33:33 [trace] [system.CModule] Loading "db" application component
in D:\workspace\joyplus-cms\joyplus-social\protected\models\Program.php (66)
in D:\workspace\joyplus-cms\joyplus-social\protected\manager\CacheManager.php (165)
in D:\workspace\joyplus-cms\joyplus-social\protected\controllers\ProgramController.php (1164)
2013/07/24 13:33:33 [trace] [system.db.CDbConnection] Opening DB connection
in D:\workspace\joyplus-cms\joyplus-social\protected\models\Program.php (66)
in D:\workspace\joyplus-cms\joyplus-social\protected\manager\CacheManager.php (165)
in D:\workspace\joyplus-cms\joyplus-social\protected\controllers\ProgramController.php (1164)
2013/07/24 13:33:33 [trace] [system.db.CDbCommand] Querying SQL: SHOW COLUMNS FROM `mac_vod`
in D:\workspace\joyplus-cms\joyplus-social\protected\models\Program.php (66)
in D:\workspace\joyplus-cms\joyplus-social\protected\manager\CacheManager.php (165)
in D:\workspace\joyplus-cms\joyplus-social\protected\controllers\ProgramController.php (1164)
2013/07/24 13:33:33 [trace] [system.db.CDbCommand] Querying SQL: SHOW CREATE TABLE `mac_vod`
in D:\workspace\joyplus-cms\joyplus-social\protected\models\Program.php (66)
in D:\workspace\joyplus-cms\joyplus-social\protected\manager\CacheManager.php (165)
in D:\workspace\joyplus-cms\joyplus-social\protected\controllers\ProgramController.php (1164)
2013/07/24 13:33:33 [trace] [system.db.ar.CActiveRecord] Program.findByPk()
in D:\workspace\joyplus-cms\joyplus-social\protected\manager\CacheManager.php (165)
in D:\workspace\joyplus-cms\joyplus-social\protected\controllers\ProgramController.php (1164)
in D:\workspace\joyplus-cms\joyplus-social\index.php (13)
2013/07/24 13:33:33 [trace] [system.db.CDbCommand] Querying SQL: SELECT * FROM `mac_vod` `t` WHERE `t`.`d_id`=964207 LIMIT 1
in D:\workspace\joyplus-cms\joyplus-social\protected\manager\CacheManager.php (165)
in D:\workspace\joyplus-cms\joyplus-social\protected\controllers\ProgramController.php (1164)
in D:\workspace\joyplus-cms\joyplus-social\index.php (13)
2013/07/24 13:33:33 [trace] [system.db.CDbCommand] Querying SQL: SHOW COLUMNS FROM `mac_vod_type`
in D:\workspace\joyplus-cms\joyplus-social\protected\models\MacVodType.php (29)
in D:\workspace\joyplus-cms\joyplus-social\protected\manager\CacheManager.php (181)
in D:\workspace\joyplus-cms\joyplus-social\protected\manager\CacheManager.php (189)
2013/07/24 13:33:33 [trace] [system.db.CDbCommand] Querying SQL: SHOW CREATE TABLE `mac_vod_type`
in D:\workspace\joyplus-cms\joyplus-social\protected\models\MacVodType.php (29)
in D:\workspace\joyplus-cms\joyplus-social\protected\manager\CacheManager.php (181)
in D:\workspace\joyplus-cms\joyplus-social\protected\manager\CacheManager.php (189)
2013/07/24 13:33:33 [trace] [system.db.ar.CActiveRecord] MacVodType.findByPk()
in D:\workspace\joyplus-cms\joyplus-social\protected\manager\CacheManager.php (181)
in D:\workspace\joyplus-cms\joyplus-social\protected\manager\CacheManager.php (189)
in D:\workspace\joyplus-cms\joyplus-social\protected\components\ProgramUtil.php (5)
2013/07/24 13:33:33 [trace] [system.db.CDbCommand] Querying SQL: SELECT * FROM `mac_vod_type` `t` WHERE `t`.`t_id`=2 LIMIT 1
in D:\workspace\joyplus-cms\joyplus-social\protected\manager\CacheManager.php (181)
in D:\workspace\joyplus-cms\joyplus-social\protected\manager\CacheManager.php (189)
in D:\workspace\joyplus-cms\joyplus-social\protected\components\ProgramUtil.php (5)
2013/07/24 13:33:33 [trace] [system.db.CDbCommand] Querying SQL: SHOW COLUMNS FROM `tbl_comments`
in D:\workspace\joyplus-cms\joyplus-social\protected\models\Comment.php (41)
in D:\workspace\joyplus-cms\joyplus-social\protected\controllers\ProgramController.php (1178)
in D:\workspace\joyplus-cms\joyplus-social\index.php (13)
2013/07/24 13:33:34 [trace] [system.db.CDbCommand] Querying SQL: SHOW CREATE TABLE `tbl_comments`
in D:\workspace\joyplus-cms\joyplus-social\protected\models\Comment.php (41)
in D:\workspace\joyplus-cms\joyplus-social\protected\controllers\ProgramController.php (1178)
in D:\workspace\joyplus-cms\joyplus-social\index.php (13)
2013/07/24 13:33:34 [trace] [system.db.ar.CActiveRecord] Comment.findAll()
in D:\workspace\joyplus-cms\joyplus-social\protected\models\Comment.php (62)
in D:\workspace\joyplus-cms\joyplus-social\protected\controllers\ProgramController.php (1178)
in D:\workspace\joyplus-cms\joyplus-social\index.php (13)
2013/07/24 13:33:34 [trace] [system.db.CDbCommand] Querying SQL: SELECT * FROM `tbl_comments` `t` WHERE content_id=:prod_id and status=:status and comment_type=0 ORDER BY create_date DESC LIMIT 10. Bound with :prod_id='964207', :status=1
in D:\workspace\joyplus-cms\joyplus-social\protected\models\Comment.php (62)
in D:\workspace\joyplus-cms\joyplus-social\protected\controllers\ProgramController.php (1178)
in D:\workspace\joyplus-cms\joyplus-social\index.php (13)
2013/07/24 13:33:34 [trace] [system.db.CDbCommand] Querying SQL: SHOW COLUMNS FROM `mac_vod_topic`
in D:\workspace\joyplus-cms\joyplus-social\protected\models\Topic.php (28)
in D:\workspace\joyplus-cms\joyplus-social\protected\controllers\ProgramController.php (1186)
in D:\workspace\joyplus-cms\joyplus-social\index.php (13)
2013/07/24 13:33:34 [trace] [system.db.CDbCommand] Querying SQL: SHOW CREATE TABLE `mac_vod_topic`
in D:\workspace\joyplus-cms\joyplus-social\protected\models\Topic.php (28)
in D:\workspace\joyplus-cms\joyplus-social\protected\controllers\ProgramController.php (1186)
in D:\workspace\joyplus-cms\joyplus-social\index.php (13)
2013/07/24 13:33:34 [trace] [system.db.CDbCommand] Querying SQL: select topic.t_id,topic.t_name from mac_vod_topic topic,mac_vod_topic_items item where topic.t_id=item.topic_id and topic.t_flag=1 and  topic.t_bdtype=1 and item.flag=1 and item.vod_id=964207
in D:\workspace\joyplus-cms\joyplus-social\protected\models\Topic.php (40)
in D:\workspace\joyplus-cms\joyplus-social\protected\controllers\ProgramController.php (1186)
in D:\workspace\joyplus-cms\joyplus-social\index.php (13)
2013/07/24 13:33:34 [trace] [system.CModule] Loading "log" application component
in D:\workspace\joyplus-cms\joyplus-social\index.php (13)
2013/07/24 13:33:34 [trace] [system.CModule] Loading "request" application component
in D:\workspace\joyplus-cms\joyplus-social\index.php (13)
2013/07/24 13:33:34 [trace] [system.CModule] Loading "urlManager" application component
in D:\workspace\joyplus-cms\joyplus-social\index.php (13)
2013/07/24 13:33:34 [trace] [system.CModule] Loading "db" application component
in D:\workspace\joyplus-cms\joyplus-social\protected\models\Comment.php (41)
in D:\workspace\joyplus-cms\joyplus-social\protected\controllers\ProgramController.php (1097)
in D:\workspace\joyplus-cms\joyplus-social\index.php (13)
2013/07/24 13:33:34 [trace] [system.db.CDbConnection] Opening DB connection
in D:\workspace\joyplus-cms\joyplus-social\protected\models\Comment.php (41)
in D:\workspace\joyplus-cms\joyplus-social\protected\controllers\ProgramController.php (1097)
in D:\workspace\joyplus-cms\joyplus-social\index.php (13)
2013/07/24 13:33:34 [trace] [system.db.CDbCommand] Querying SQL: SHOW COLUMNS FROM `tbl_comments`
in D:\workspace\joyplus-cms\joyplus-social\protected\models\Comment.php (41)
in D:\workspace\joyplus-cms\joyplus-social\protected\controllers\ProgramController.php (1097)
in D:\workspace\joyplus-cms\joyplus-social\index.php (13)
2013/07/24 13:33:34 [trace] [system.db.CDbCommand] Querying SQL: SHOW CREATE TABLE `tbl_comments`
in D:\workspace\joyplus-cms\joyplus-social\protected\models\Comment.php (41)
in D:\workspace\joyplus-cms\joyplus-social\protected\controllers\ProgramController.php (1097)
in D:\workspace\joyplus-cms\joyplus-social\index.php (13)
2013/07/24 13:33:34 [trace] [system.db.CDbCommand] Querying SQL: SELECT `id` AS `review_id`, `comment_title` AS `title`, `comments`, `douban_comment_id` AS `douban_review_id`, `create_date` AS `create_date`
FROM `tbl_comments`
WHERE status=:status and content_id=:prod_id and comment_type=1
ORDER BY `create_date` DESC LIMIT 1. Bound with :status=1, :prod_id='964207'
in D:\workspace\joyplus-cms\joyplus-social\protected\models\Comment.php (79)
in D:\workspace\joyplus-cms\joyplus-social\protected\controllers\ProgramController.php (1097)
in D:\workspace\joyplus-cms\joyplus-social\index.php (13)
2013/07/24 13:33:34 [trace] [system.CModule] Loading "log" application component
in D:\workspace\joyplus-cms\joyplus-social\index.php (13)
2013/07/24 13:33:34 [trace] [system.CModule] Loading "request" application component
in D:\workspace\joyplus-cms\joyplus-social\index.php (13)
2013/07/24 13:33:34 [trace] [system.CModule] Loading "urlManager" application component
in D:\workspace\joyplus-cms\joyplus-social\index.php (13)
2013/07/24 13:33:34 [trace] [system.CModule] Loading "db" application component
in D:\workspace\joyplus-cms\joyplus-social\protected\controllers\ProgramController.php (1209)
in D:\workspace\joyplus-cms\joyplus-social\index.php (13)
2013/07/24 13:33:34 [trace] [system.db.CDbConnection] Opening DB connection
in D:\workspace\joyplus-cms\joyplus-social\protected\controllers\ProgramController.php (1209)
in D:\workspace\joyplus-cms\joyplus-social\index.php (13)
2013/07/24 13:33:34 [trace] [system.db.CDbCommand] Querying SQL: SELECT topic_id,t_name FROM mac_vod_topic_items,mac_vod_topic WHERE flag=1  and t_name like '%' and topic_id=t_id and t_bdtype=1 and vod_id =964207
in D:\workspace\joyplus-cms\joyplus-social\protected\controllers\ProgramController.php (1209)
in D:\workspace\joyplus-cms\joyplus-social\index.php (13)
